# JRE version: Java(TM) SE Runtime Environment (8.0_31-b13) (build 1.8.0_31-b13)
# Java VM: Java HotSpot(TM) Server VM (25.31-b07 mixed mode linux-x86 )
Heap:
 PSYoungGen      total 332032K, used 54350K [0x91ac0000, 0xa6fc0000, 0xa7000000)
  eden space 314880K, 14% used [0x91ac0000,0x947b0b10,0xa4e40000)
  from space 17152K, 48% used [0xa5f00000,0xa67230e0,0xa6fc0000)
  to   space 17152K, 0% used [0xa4e40000,0xa4e40000,0xa5f00000)
 ParOldGen       total 61440K, used 37952K [0x67000000, 0x6ac00000, 0x91ac0000)
  object space 61440K, 61% used [0x67000000,0x69510218,0x6ac00000)
 Metaspace       used 34852K, capacity 35941K, committed 35968K, reserved 36144K
GC Heap History (10 events):
Event: 475.141 GC heap before
{Heap before GC invocations=20 (full 3):
 PSYoungGen      total 191232K, used 177408K [0x91ac0000, 0x9eb00000, 0xa7000000)
  eden space 177408K, 100% used [0x91ac0000,0x9c800000,0x9c800000)
  from space 13824K, 0% used [0x9d580000,0x9d580000,0x9e300000)
  to   space 13824K, 0% used [0x9c800000,0x9c800000,0x9d580000)
 ParOldGen       total 61440K, used 27368K [0x67000000, 0x6ac00000, 0x91ac0000)
  object space 61440K, 44% used [0x67000000,0x68aba3f0,0x6ac00000)
 Metaspace       used 28836K, capacity 29772K, committed 29824K, reserved 30000K
Event: 475.189 GC heap after
Heap after GC invocations=20 (full 3):
 PSYoungGen      total 191232K, used 10919K [0x91ac0000, 0xa2fc0000, 0xa7000000)
  eden space 177408K, 0% used [0x91ac0000,0x91ac0000,0x9c800000)
  from space 13824K, 78% used [0x9c800000,0x9d2a9e78,0x9d580000)
  to   space 15104K, 0% used [0xa2100000,0xa2100000,0xa2fc0000)
 ParOldGen       total 61440K, used 27372K [0x67000000, 0x6ac00000, 0x91ac0000)
  object space 61440K, 44% used [0x67000000,0x68abb3f0,0x6ac00000)
 Metaspace       used 28836K, capacity 29772K, committed 29824K, reserved 30000K
}
Event: 475.699 GC heap before
{Heap before GC invocations=21 (full 3):
 PSYoungGen      total 191232K, used 19543K [0x91ac0000, 0xa2fc0000, 0xa7000000)
  eden space 177408K, 4% used [0x91ac0000,0x9232bf98,0x9c800000)
  from space 13824K, 78% used [0x9c800000,0x9d2a9e78,0x9d580000)
  to   space 15104K, 0% used [0xa2100000,0xa2100000,0xa2fc0000)
 ParOldGen       total 61440K, used 27372K [0x67000000, 0x6ac00000, 0x91ac0000)
  object space 61440K, 44% used [0x67000000,0x68abb3f0,0x6ac00000)
 Metaspace       used 29146K, capacity 30114K, committed 30208K, reserved 31024K
Event: 475.733 GC heap after
Heap after GC invocations=21 (full 3):
 PSYoungGen      total 268032K, used 677K [0x91ac0000, 0xa2f40000, 0xa7000000)
  eden space 253440K, 0% used [0x91ac0000,0x91ac0000,0xa1240000)
  from space 14592K, 4% used [0xa2100000,0xa21a9698,0xa2f40000)
  to   space 14848K, 0% used [0xa1240000,0xa1240000,0xa20c0000)
 ParOldGen       total 61440K, used 36443K [0x67000000, 0x6ac00000, 0x91ac0000)
  object space 61440K, 59% used [0x67000000,0x69396d50,0x6ac00000)
 Metaspace       used 29146K, capacity 30114K, committed 30208K, reserved 31024K
}
Event: 475.733 GC heap before
{Heap before GC invocations=22 (full 4):
 PSYoungGen      total 268032K, used 677K [0x91ac0000, 0xa2f40000, 0xa7000000)
  eden space 253440K, 0% used [0x91ac0000,0x91ac0000,0xa1240000)
  from space 14592K, 4% used [0xa2100000,0xa21a9698,0xa2f40000)
  to   space 14848K, 0% used [0xa1240000,0xa1240000,0xa20c0000)
 ParOldGen       total 61440K, used 36443K [0x67000000, 0x6ac00000, 0x91ac0000)
  object space 61440K, 59% used [0x67000000,0x69396d50,0x6ac00000)
 Metaspace       used 29146K, capacity 30114K, committed 30208K, reserved 31024K
Event: 476.443 GC heap after
Heap after GC invocations=22 (full 4):
 PSYoungGen      total 268032K, used 0K [0x91ac0000, 0xa2f40000, 0xa7000000)
  eden space 253440K, 0% used [0x91ac0000,0x91ac0000,0xa1240000)
  from space 14592K, 0% used [0xa2100000,0xa2100000,0xa2f40000)
  to   space 14848K, 0% used [0xa1240000,0xa1240000,0xa20c0000)
 ParOldGen       total 61440K, used 35980K [0x67000000, 0x6ac00000, 0x91ac0000)
  object space 61440K, 58% used [0x67000000,0x69323158,0x6ac00000)
 Metaspace       used 29110K, capacity 29990K, committed 30208K, reserved 31024K
}
Event: 489.613 GC heap before
{Heap before GC invocations=23 (full 4):
 PSYoungGen      total 268032K, used 253440K [0x91ac0000, 0xa2f40000, 0xa7000000)
  eden space 253440K, 100% used [0x91ac0000,0xa1240000,0xa1240000)
  from space 14592K, 0% used [0xa2100000,0xa2100000,0xa2f40000)
  to   space 14848K, 0% used [0xa1240000,0xa1240000,0xa20c0000)
 ParOldGen       total 61440K, used 35980K [0x67000000, 0x6ac00000, 0x91ac0000)
  object space 61440K, 58% used [0x67000000,0x69323158,0x6ac00000)
 Metaspace       used 30586K, capacity 31552K, committed 31616K, reserved 32048K
Event: 489.655 GC heap after
Heap after GC invocations=23 (full 4):
 PSYoungGen      total 268288K, used 14630K [0x91ac0000, 0xa7000000, 0xa7000000)
  eden space 253440K, 0% used [0x91ac0000,0x91ac0000,0xa1240000)
  from space 14848K, 98% used [0xa1240000,0xa2089a80,0xa20c0000)
  to   space 17408K, 0% used [0xa5f00000,0xa5f00000,0xa7000000)
 ParOldGen       total 61440K, used 35984K [0x67000000, 0x6ac00000, 0x91ac0000)
  object space 61440K, 58% used [0x67000000,0x69324158,0x6ac00000)
 Metaspace       used 30586K, capacity 31552K, committed 31616K, reserved 32048K
}
Event: 604.883 GC heap before
{Heap before GC invocations=24 (full 4):
 PSYoungGen      total 268288K, used 268070K [0x91ac0000, 0xa7000000, 0xa7000000)
  eden space 253440K, 100% used [0x91ac0000,0xa1240000,0xa1240000)
  from space 14848K, 98% used [0xa1240000,0xa2089a80,0xa20c0000)
  to   space 17408K, 0% used [0xa5f00000,0xa5f00000,0xa7000000)
 ParOldGen       total 61440K, used 35984K [0x67000000, 0x6ac00000, 0x91ac0000)
  object space 61440K, 58% used [0x67000000,0x69324158,0x6ac00000)
 Metaspace       used 33986K, capacity 35075K, committed 35200K, reserved 36144K
Event: 604.908 GC heap after
Heap after GC invocations=24 (full 4):
 PSYoungGen      total 332032K, used 8332K [0x91ac0000, 0xa6fc0000, 0xa7000000)
  eden space 314880K, 0% used [0x91ac0000,0x91ac0000,0xa4e40000)
  from space 17152K, 48% used [0xa5f00000,0xa67230e0,0xa6fc0000)
  to   space 17152K, 0% used [0xa4e40000,0xa4e40000,0xa5f00000)
 ParOldGen       total 61440K, used 37952K [0x67000000, 0x6ac00000, 0x91ac0000)
  object space 61440K, 61% used [0x67000000,0x69510218,0x6ac00000)
 Metaspace       used 33986K, capacity 35075K, committed 35200K, reserved 36144K
}

