# JRE version: Java(TM) SE Runtime Environment (8.0_31-b13) (build 1.8.0_31-b13)
# Java VM: Java HotSpot(TM) Server VM (25.31-b07 mixed mode linux-x86 )
Heap:
 PSYoungGen      total 71424K, used 8688K [0x91ac0000, 0x969c0000, 0xa7000000)
  eden space 62720K, 0% used [0x91ac0000,0x91ac0000,0x95800000)
  from space 8704K, 99% used [0x95800000,0x9607c3d8,0x96080000)
  to   space 7936K, 0% used [0x96080000,0x96080000,0x96840000)
 ParOldGen       total 42496K, used 19713K [0x67000000, 0x69980000, 0x91ac0000)
  object space 42496K, 46% used [0x67000000,0x683407e0,0x69980000)
 Metaspace       used 4034K, capacity 4070K, committed 4120K, reserved 4400K
GC Heap History (10 events):
Event: 2.440 GC heap after
Heap after GC invocations=2 (full 0):
 PSYoungGen      total 18432K, used 2548K [0x91ac0000, 0x93ec0000, 0xa7000000)
  eden space 15872K, 0% used [0x91ac0000,0x91ac0000,0x92a40000)
  from space 2560K, 99% used [0x92cc0000,0x92f3d2e8,0x92f40000)
  to   space 2560K, 0% used [0x92a40000,0x92a40000,0x92cc0000)
 ParOldGen       total 42496K, used 3364K [0x67000000, 0x69980000, 0x91ac0000)
  object space 42496K, 7% used [0x67000000,0x67349048,0x69980000)
 Metaspace       used 3738K, capacity 3750K, committed 3864K, reserved 4400K
}
Event: 2.874 GC heap before
{Heap before GC invocations=3 (full 0):
 PSYoungGen      total 18432K, used 18420K [0x91ac0000, 0x93ec0000, 0xa7000000)
  eden space 15872K, 100% used [0x91ac0000,0x92a40000,0x92a40000)
  from space 2560K, 99% used [0x92cc0000,0x92f3d2e8,0x92f40000)
  to   space 2560K, 0% used [0x92a40000,0x92a40000,0x92cc0000)
 ParOldGen       total 42496K, used 3364K [0x67000000, 0x69980000, 0x91ac0000)
  object space 42496K, 7% used [0x67000000,0x67349048,0x69980000)
 Metaspace       used 3822K, capacity 3846K, committed 3864K, reserved 4400K
Event: 2.915 GC heap after
Heap after GC invocations=3 (full 0):
 PSYoungGen      total 18432K, used 2548K [0x91ac0000, 0x93ec0000, 0xa7000000)
  eden space 15872K, 0% used [0x91ac0000,0x91ac0000,0x92a40000)
  from space 2560K, 99% used [0x92a40000,0x92cbd0f0,0x92cc0000)
  to   space 2560K, 0% used [0x93c40000,0x93c40000,0x93ec0000)
 ParOldGen       total 42496K, used 6318K [0x67000000, 0x69980000, 0x91ac0000)
  object space 42496K, 14% used [0x67000000,0x6762bad0,0x69980000)
 Metaspace       used 3822K, capacity 3846K, committed 3864K, reserved 4400K
}
Event: 3.278 GC heap before
{Heap before GC invocations=4 (full 0):
 PSYoungGen      total 18432K, used 18420K [0x91ac0000, 0x93ec0000, 0xa7000000)
  eden space 15872K, 100% used [0x91ac0000,0x92a40000,0x92a40000)
  from space 2560K, 99% used [0x92a40000,0x92cbd0f0,0x92cc0000)
  to   space 2560K, 0% used [0x93c40000,0x93c40000,0x93ec0000)
 ParOldGen       total 42496K, used 6318K [0x67000000, 0x69980000, 0x91ac0000)
  object space 42496K, 14% used [0x67000000,0x6762bad0,0x69980000)
 Metaspace       used 3837K, capacity 3846K, committed 3864K, reserved 4400K
Event: 3.322 GC heap after
Heap after GC invocations=4 (full 0):
 PSYoungGen      total 34304K, used 2558K [0x91ac0000, 0x93ec0000, 0xa7000000)
  eden space 31744K, 0% used [0x91ac0000,0x91ac0000,0x939c0000)
  from space 2560K, 99% used [0x93c40000,0x93ebfa70,0x93ec0000)
  to   space 2560K, 0% used [0x939c0000,0x939c0000,0x93c40000)
 ParOldGen       total 42496K, used 9036K [0x67000000, 0x69980000, 0x91ac0000)
  object space 42496K, 21% used [0x67000000,0x678d3300,0x69980000)
 Metaspace       used 3837K, capacity 3846K, committed 3864K, reserved 4400K
}
Event: 3.811 GC heap before
{Heap before GC invocations=5 (full 0):
 PSYoungGen      total 34304K, used 34302K [0x91ac0000, 0x93ec0000, 0xa7000000)
  eden space 31744K, 100% used [0x91ac0000,0x939c0000,0x939c0000)
  from space 2560K, 99% used [0x93c40000,0x93ebfa70,0x93ec0000)
  to   space 2560K, 0% used [0x939c0000,0x939c0000,0x93c40000)
 ParOldGen       total 42496K, used 9036K [0x67000000, 0x69980000, 0x91ac0000)
  object space 42496K, 21% used [0x67000000,0x678d3300,0x69980000)
 Metaspace       used 3864K, capacity 3878K, committed 3992K, reserved 4400K
Event: 3.850 GC heap after
Heap after GC invocations=5 (full 0):
 PSYoungGen      total 34304K, used 2551K [0x91ac0000, 0x96840000, 0xa7000000)
  eden space 31744K, 0% used [0x91ac0000,0x91ac0000,0x939c0000)
  from space 2560K, 99% used [0x939c0000,0x93c3df90,0x93c40000)
  to   space 7936K, 0% used [0x96080000,0x96080000,0x96840000)
 ParOldGen       total 42496K, used 13869K [0x67000000, 0x69980000, 0x91ac0000)
  object space 42496K, 32% used [0x67000000,0x67d8b650,0x69980000)
 Metaspace       used 3864K, capacity 3878K, committed 3992K, reserved 4400K
}
Event: 4.408 GC heap before
{Heap before GC invocations=6 (full 0):
 PSYoungGen      total 34304K, used 34295K [0x91ac0000, 0x96840000, 0xa7000000)
  eden space 31744K, 99% used [0x91ac0000,0x939bfff8,0x939c0000)
  from space 2560K, 99% used [0x939c0000,0x93c3df90,0x93c40000)
  to   space 7936K, 0% used [0x96080000,0x96080000,0x96840000)
 ParOldGen       total 42496K, used 13869K [0x67000000, 0x69980000, 0x91ac0000)
  object space 42496K, 32% used [0x67000000,0x67d8b650,0x69980000)
 Metaspace       used 3896K, capacity 3910K, committed 3992K, reserved 4400K
Event: 4.505 GC heap after
Heap after GC invocations=6 (full 0):
 PSYoungGen      total 70656K, used 7590K [0x91ac0000, 0x969c0000, 0xa7000000)
  eden space 62720K, 0% used [0x91ac0000,0x91ac0000,0x95800000)
  from space 7936K, 95% used [0x96080000,0x967e99f0,0x96840000)
  to   space 8704K, 0% used [0x95800000,0x95800000,0x96080000)
 ParOldGen       total 42496K, used 13869K [0x67000000, 0x69980000, 0x91ac0000)
  object space 42496K, 32% used [0x67000000,0x67d8b650,0x69980000)
 Metaspace       used 3896K, capacity 3910K, committed 3992K, reserved 4400K
}
Event: 5.544 GC heap before
{Heap before GC invocations=7 (full 0):
 PSYoungGen      total 70656K, used 70310K [0x91ac0000, 0x969c0000, 0xa7000000)
  eden space 62720K, 100% used [0x91ac0000,0x95800000,0x95800000)
  from space 7936K, 95% used [0x96080000,0x967e99f0,0x96840000)
  to   space 8704K, 0% used [0x95800000,0x95800000,0x96080000)
 ParOldGen       total 42496K, used 13869K [0x67000000, 0x69980000, 0x91ac0000)
  object space 42496K, 32% used [0x67000000,0x67d8b650,0x69980000)
 Metaspace       used 4034K, capacity 4070K, committed 4120K, reserved 4400K

