# JRE version: Java(TM) SE Runtime Environment (8.0_31-b13) (build 1.8.0_31-b13)
# Java VM: Java HotSpot(TM) Server VM (25.31-b07 mixed mode linux-x86 )
Heap:
 PSYoungGen      total 273152K, used 128387K [0x91ac0000, 0xa7000000, 0xa7000000)
  eden space 229632K, 43% used [0x91ac0000,0x97c08748,0x9fb00000)
  from space 43520K, 66% used [0xa4580000,0xa61985a0,0xa7000000)
  to   space 59904K, 0% used [0x9fb00000,0x9fb00000,0xa3580000)
 ParOldGen       total 229376K, used 146109K [0x67000000, 0x75000000, 0x91ac0000)
  object space 229376K, 63% used [0x67000000,0x6feaf748,0x75000000)
 Metaspace       used 4256K, capacity 4294K, committed 4376K, reserved 4400K
GC Heap History (10 events):
Event: 6.961 GC heap before
{Heap before GC invocations=13 (full 1):
 PSYoungGen      total 218880K, used 209916K [0x91ac0000, 0xa49c0000, 0xa7000000)
  eden space 186368K, 100% used [0x91ac0000,0x9d0c0000,0x9d0c0000)
  from space 32512K, 72% used [0x9d0c0000,0x9e7bf058,0x9f080000)
  to   space 34816K, 0% used [0xa27c0000,0xa27c0000,0xa49c0000)
 ParOldGen       total 79104K, used 61581K [0x67000000, 0x6bd40000, 0x91ac0000)
  object space 79104K, 77% used [0x67000000,0x6ac23518,0x6bd40000)
 Metaspace       used 4192K, capacity 4230K, committed 4248K, reserved 4400K
Event: 7.076 GC heap after
Heap after GC invocations=13 (full 1):
 PSYoungGen      total 272128K, used 28165K [0x91ac0000, 0xa5000000, 0xa7000000)
  eden space 237312K, 0% used [0x91ac0000,0x91ac0000,0xa0280000)
  from space 34816K, 80% used [0xa27c0000,0xa4341650,0xa49c0000)
  to   space 38144K, 0% used [0xa0280000,0xa0280000,0xa27c0000)
 ParOldGen       total 84736K, used 84059K [0x67000000, 0x6c2c0000, 0x91ac0000)
  object space 84736K, 99% used [0x67000000,0x6c216e08,0x6c2c0000)
 Metaspace       used 4192K, capacity 4230K, committed 4248K, reserved 4400K
}
Event: 7.076 GC heap before
{Heap before GC invocations=14 (full 2):
 PSYoungGen      total 272128K, used 28165K [0x91ac0000, 0xa5000000, 0xa7000000)
  eden space 237312K, 0% used [0x91ac0000,0x91ac0000,0xa0280000)
  from space 34816K, 80% used [0xa27c0000,0xa4341650,0xa49c0000)
  to   space 38144K, 0% used [0xa0280000,0xa0280000,0xa27c0000)
 ParOldGen       total 84736K, used 84059K [0x67000000, 0x6c2c0000, 0x91ac0000)
  object space 84736K, 99% used [0x67000000,0x6c216e08,0x6c2c0000)
 Metaspace       used 4192K, capacity 4230K, committed 4248K, reserved 4400K
Event: 7.720 GC heap after
Heap after GC invocations=14 (full 2):
 PSYoungGen      total 272128K, used 25296K [0x91ac0000, 0xa5000000, 0xa7000000)
  eden space 237312K, 0% used [0x91ac0000,0x91ac0000,0xa0280000)
  from space 34816K, 72% used [0xa27c0000,0xa4074038,0xa49c0000)
  to   space 38144K, 0% used [0xa0280000,0xa0280000,0xa27c0000)
 ParOldGen       total 146176K, used 84549K [0x67000000, 0x6fec0000, 0x91ac0000)
  object space 146176K, 57% used [0x67000000,0x6c291560,0x6fec0000)
 Metaspace       used 4192K, capacity 4230K, committed 4248K, reserved 4400K
}
Event: 8.794 GC heap before
{Heap before GC invocations=15 (full 2):
 PSYoungGen      total 272128K, used 262608K [0x91ac0000, 0xa5000000, 0xa7000000)
  eden space 237312K, 100% used [0x91ac0000,0xa0280000,0xa0280000)
  from space 34816K, 72% used [0xa27c0000,0xa4074038,0xa49c0000)
  to   space 38144K, 0% used [0xa0280000,0xa0280000,0xa27c0000)
 ParOldGen       total 146176K, used 84549K [0x67000000, 0x6fec0000, 0x91ac0000)
  object space 146176K, 57% used [0x67000000,0x6c291560,0x6fec0000)
 Metaspace       used 4199K, capacity 4230K, committed 4248K, reserved 4400K
Event: 8.965 GC heap after
Heap after GC invocations=15 (full 2):
 PSYoungGen      total 275456K, used 35426K [0x91ac0000, 0xa7000000, 0xa7000000)
  eden space 237312K, 0% used [0x91ac0000,0x91ac0000,0xa0280000)
  from space 38144K, 92% used [0xa0280000,0xa2518b38,0xa27c0000)
  to   space 43520K, 0% used [0xa4580000,0xa4580000,0xa7000000)
 ParOldGen       total 146176K, used 108594K [0x67000000, 0x6fec0000, 0x91ac0000)
  object space 146176K, 74% used [0x67000000,0x6da0c9f0,0x6fec0000)
 Metaspace       used 4199K, capacity 4230K, committed 4248K, reserved 4400K
}
Event: 10.163 GC heap before
{Heap before GC invocations=16 (full 2):
 PSYoungGen      total 275456K, used 272738K [0x91ac0000, 0xa7000000, 0xa7000000)
  eden space 237312K, 100% used [0x91ac0000,0xa0280000,0xa0280000)
  from space 38144K, 92% used [0xa0280000,0xa2518b38,0xa27c0000)
  to   space 43520K, 0% used [0xa4580000,0xa4580000,0xa7000000)
 ParOldGen       total 146176K, used 108594K [0x67000000, 0x6fec0000, 0x91ac0000)
  object space 146176K, 74% used [0x67000000,0x6da0c9f0,0x6fec0000)
 Metaspace       used 4201K, capacity 4230K, committed 4248K, reserved 4400K
Event: 11.095 GC heap after
Heap after GC invocations=16 (full 2):
 PSYoungGen      total 273152K, used 43519K [0x91ac0000, 0xa7000000, 0xa7000000)
  eden space 229632K, 0% used [0x91ac0000,0x91ac0000,0x9fb00000)
  from space 43520K, 99% used [0xa4580000,0xa6fffd60,0xa7000000)
  to   space 59904K, 0% used [0x9fb00000,0x9fb00000,0xa3580000)
 ParOldGen       total 146176K, used 133128K [0x67000000, 0x6fec0000, 0x91ac0000)
  object space 146176K, 91% used [0x67000000,0x6f202220,0x6fec0000)
 Metaspace       used 4201K, capacity 4230K, committed 4248K, reserved 4400K
}
Event: 11.095 GC heap before
{Heap before GC invocations=17 (full 3):
 PSYoungGen      total 273152K, used 43519K [0x91ac0000, 0xa7000000, 0xa7000000)
  eden space 229632K, 0% used [0x91ac0000,0x91ac0000,0x9fb00000)
  from space 43520K, 99% used [0xa4580000,0xa6fffd60,0xa7000000)
  to   space 59904K, 0% used [0x9fb00000,0x9fb00000,0xa3580000)
 ParOldGen       total 146176K, used 133128K [0x67000000, 0x6fec0000, 0x91ac0000)
  object space 146176K, 91% used [0x67000000,0x6f202220,0x6fec0000)
 Metaspace       used 4201K, capacity 4230K, committed 4248K, reserved 4400K
Event: 12.567 GC heap after
Heap after GC invocations=17 (full 3):
 PSYoungGen      total 273152K, used 28769K [0x91ac0000, 0xa7000000, 0xa7000000)
  eden space 229632K, 0% used [0x91ac0000,0x91ac0000,0x9fb00000)
  from space 43520K, 66% used [0xa4580000,0xa61985a0,0xa7000000)
  to   space 59904K, 0% used [0x9fb00000,0x9fb00000,0xa3580000)
 ParOldGen       total 229376K, used 146109K [0x67000000, 0x75000000, 0x91ac0000)
  object space 229376K, 63% used [0x67000000,0x6feaf748,0x75000000)
 Metaspace       used 4201K, capacity 4230K, committed 4248K, reserved 4400K
}

