# JRE version: Java(TM) SE Runtime Environment (8.0_31-b13) (build 1.8.0_31-b13)
# Java VM: Java HotSpot(TM) Server VM (25.31-b07 mixed mode linux-x86 )
Heap:
 PSYoungGen      total 139520K, used 19698K [0x91ac0000, 0x9bac0000, 0xa7000000)
  eden space 119808K, 0% used [0x91ac0000,0x91ac0000,0x98fc0000)
  from space 19712K, 99% used [0x98fc0000,0x9a2fca30,0x9a300000)
  to   space 15104K, 0% used [0x9a300000,0x9a300000,0x9b1c0000)
 ParOldGen       total 42496K, used 31526K [0x67000000, 0x69980000, 0x91ac0000)
  object space 42496K, 74% used [0x67000000,0x68ec98a8,0x69980000)
 Metaspace       used 4117K, capacity 4134K, committed 4248K, reserved 4400K
GC Heap History (10 events):
Event: 1.665 GC heap after
Heap after GC invocations=4 (full 0):
 PSYoungGen      total 34304K, used 2557K [0x91ac0000, 0x93ec0000, 0xa7000000)
  eden space 31744K, 0% used [0x91ac0000,0x91ac0000,0x939c0000)
  from space 2560K, 99% used [0x93c40000,0x93ebf630,0x93ec0000)
  to   space 2560K, 0% used [0x939c0000,0x939c0000,0x93c40000)
 ParOldGen       total 42496K, used 4198K [0x67000000, 0x69980000, 0x91ac0000)
  object space 42496K, 9% used [0x67000000,0x67419860,0x69980000)
 Metaspace       used 3777K, capacity 3814K, committed 3864K, reserved 4400K
}
Event: 1.965 GC heap before
{Heap before GC invocations=5 (full 0):
 PSYoungGen      total 34304K, used 34301K [0x91ac0000, 0x93ec0000, 0xa7000000)
  eden space 31744K, 100% used [0x91ac0000,0x939c0000,0x939c0000)
  from space 2560K, 99% used [0x93c40000,0x93ebf630,0x93ec0000)
  to   space 2560K, 0% used [0x939c0000,0x939c0000,0x93c40000)
 ParOldGen       total 42496K, used 4226K [0x67000000, 0x69980000, 0x91ac0000)
  object space 42496K, 9% used [0x67000000,0x67420960,0x69980000)
 Metaspace       used 3826K, capacity 3846K, committed 3864K, reserved 4400K
Event: 1.980 GC heap after
Heap after GC invocations=5 (full 0):
 PSYoungGen      total 34304K, used 2558K [0x91ac0000, 0x969c0000, 0xa7000000)
  eden space 31744K, 0% used [0x91ac0000,0x91ac0000,0x939c0000)
  from space 2560K, 99% used [0x939c0000,0x93c3fb10,0x93c40000)
  to   space 8704K, 0% used [0x96140000,0x96140000,0x969c0000)
 ParOldGen       total 42496K, used 9219K [0x67000000, 0x69980000, 0x91ac0000)
  object space 42496K, 21% used [0x67000000,0x67900ed0,0x69980000)
 Metaspace       used 3826K, capacity 3846K, committed 3864K, reserved 4400K
}
Event: 2.234 GC heap before
{Heap before GC invocations=6 (full 0):
 PSYoungGen      total 34304K, used 34302K [0x91ac0000, 0x969c0000, 0xa7000000)
  eden space 31744K, 100% used [0x91ac0000,0x939c0000,0x939c0000)
  from space 2560K, 99% used [0x939c0000,0x93c3fb10,0x93c40000)
  to   space 8704K, 0% used [0x96140000,0x96140000,0x969c0000)
 ParOldGen       total 42496K, used 9221K [0x67000000, 0x69980000, 0x91ac0000)
  object space 42496K, 21% used [0x67000000,0x679015f8,0x69980000)
 Metaspace       used 3888K, capacity 3942K, committed 3992K, reserved 4400K
Event: 2.253 GC heap after
Heap after GC invocations=6 (full 0):
 PSYoungGen      total 70912K, used 7160K [0x91ac0000, 0x96c40000, 0xa7000000)
  eden space 62208K, 0% used [0x91ac0000,0x91ac0000,0x95780000)
  from space 8704K, 82% used [0x96140000,0x9683e338,0x969c0000)
  to   space 9984K, 0% used [0x95780000,0x95780000,0x96140000)
 ParOldGen       total 42496K, used 9225K [0x67000000, 0x69980000, 0x91ac0000)
  object space 42496K, 21% used [0x67000000,0x679025f8,0x69980000)
 Metaspace       used 3888K, capacity 3942K, committed 3992K, reserved 4400K
}
Event: 2.553 GC heap before
{Heap before GC invocations=7 (full 0):
 PSYoungGen      total 70912K, used 69368K [0x91ac0000, 0x96c40000, 0xa7000000)
  eden space 62208K, 100% used [0x91ac0000,0x95780000,0x95780000)
  from space 8704K, 82% used [0x96140000,0x9683e338,0x969c0000)
  to   space 9984K, 0% used [0x95780000,0x95780000,0x96140000)
 ParOldGen       total 42496K, used 9225K [0x67000000, 0x69980000, 0x91ac0000)
  object space 42496K, 21% used [0x67000000,0x679025f8,0x69980000)
 Metaspace       used 3909K, capacity 3942K, committed 3992K, reserved 4400K
Event: 2.596 GC heap after
Heap after GC invocations=7 (full 0):
 PSYoungGen      total 72192K, used 9972K [0x91ac0000, 0x9b1c0000, 0xa7000000)
  eden space 62208K, 0% used [0x91ac0000,0x91ac0000,0x95780000)
  from space 9984K, 99% used [0x95780000,0x9613d1f0,0x96140000)
  to   space 15104K, 0% used [0x9a300000,0x9a300000,0x9b1c0000)
 ParOldGen       total 42496K, used 15750K [0x67000000, 0x69980000, 0x91ac0000)
  object space 42496K, 37% used [0x67000000,0x67f61aa8,0x69980000)
 Metaspace       used 3909K, capacity 3942K, committed 3992K, reserved 4400K
}
Event: 2.901 GC heap before
{Heap before GC invocations=8 (full 0):
 PSYoungGen      total 72192K, used 72180K [0x91ac0000, 0x9b1c0000, 0xa7000000)
  eden space 62208K, 100% used [0x91ac0000,0x95780000,0x95780000)
  from space 9984K, 99% used [0x95780000,0x9613d1f0,0x96140000)
  to   space 15104K, 0% used [0x9a300000,0x9a300000,0x9b1c0000)
 ParOldGen       total 42496K, used 15750K [0x67000000, 0x69980000, 0x91ac0000)
  object space 42496K, 37% used [0x67000000,0x67f61aa8,0x69980000)
 Metaspace       used 4029K, capacity 4070K, committed 4120K, reserved 4400K
Event: 2.941 GC heap after
Heap after GC invocations=8 (full 0):
 PSYoungGen      total 134912K, used 15094K [0x91ac0000, 0x9bac0000, 0xa7000000)
  eden space 119808K, 0% used [0x91ac0000,0x91ac0000,0x98fc0000)
  from space 15104K, 99% used [0x9a300000,0x9b1bda28,0x9b1c0000)
  to   space 19712K, 0% used [0x98fc0000,0x98fc0000,0x9a300000)
 ParOldGen       total 42496K, used 19688K [0x67000000, 0x69980000, 0x91ac0000)
  object space 42496K, 46% used [0x67000000,0x6833a2a0,0x69980000)
 Metaspace       used 4029K, capacity 4070K, committed 4120K, reserved 4400K
}
Event: 3.499 GC heap before
{Heap before GC invocations=9 (full 0):
 PSYoungGen      total 134912K, used 134902K [0x91ac0000, 0x9bac0000, 0xa7000000)
  eden space 119808K, 100% used [0x91ac0000,0x98fc0000,0x98fc0000)
  from space 15104K, 99% used [0x9a300000,0x9b1bda28,0x9b1c0000)
  to   space 19712K, 0% used [0x98fc0000,0x98fc0000,0x9a300000)
 ParOldGen       total 42496K, used 19688K [0x67000000, 0x69980000, 0x91ac0000)
  object space 42496K, 46% used [0x67000000,0x6833a2a0,0x69980000)
 Metaspace       used 4117K, capacity 4134K, committed 4248K, reserved 4400K

