# JRE version: Java(TM) SE Runtime Environment (8.0_31-b13) (build 1.8.0_31-b13)
# Java VM: Java HotSpot(TM) Server VM (25.31-b07 mixed mode linux-x86 )
Heap:
 PSYoungGen      total 256768K, used 31982K [0x91ac0000, 0xa7000000, 0xa7000000)
  eden space 218112K, 0% used [0x91ac0000,0x91ac0000,0x9efc0000)
  from space 38656K, 82% used [0xa2500000,0xa443bbb0,0xa4ac0000)
  to   space 54528K, 0% used [0x9efc0000,0x9efc0000,0xa2500000)
 ParOldGen       total 81664K, used 81591K [0x67000000, 0x6bfc0000, 0x91ac0000)
  object space 81664K, 99% used [0x67000000,0x6bfadca0,0x6bfc0000)
 Metaspace       used 4213K, capacity 4230K, committed 4248K, reserved 4400K
GC Heap History (10 events):
Event: 3.003 GC heap after
Heap after GC invocations=7 (full 0):
 PSYoungGen      total 141312K, used 16629K [0x91ac0000, 0xa4240000, 0xa7000000)
  eden space 124672K, 0% used [0x91ac0000,0x91ac0000,0x99480000)
  from space 16640K, 99% used [0x99480000,0x9a4bd718,0x9a4c0000)
  to   space 26624K, 0% used [0xa2840000,0xa2840000,0xa4240000)
 ParOldGen       total 42496K, used 32217K [0x67000000, 0x69980000, 0x91ac0000)
  object space 42496K, 75% used [0x67000000,0x68f76460,0x69980000)
 Metaspace       used 4103K, capacity 4134K, committed 4248K, reserved 4400K
}
Event: 3.003 GC heap before
{Heap before GC invocations=8 (full 1):
 PSYoungGen      total 141312K, used 16629K [0x91ac0000, 0xa4240000, 0xa7000000)
  eden space 124672K, 0% used [0x91ac0000,0x91ac0000,0x99480000)
  from space 16640K, 99% used [0x99480000,0x9a4bd718,0x9a4c0000)
  to   space 26624K, 0% used [0xa2840000,0xa2840000,0xa4240000)
 ParOldGen       total 42496K, used 32217K [0x67000000, 0x69980000, 0x91ac0000)
  object space 42496K, 75% used [0x67000000,0x68f76460,0x69980000)
 Metaspace       used 4103K, capacity 4134K, committed 4248K, reserved 4400K
Event: 3.265 GC heap after
Heap after GC invocations=8 (full 1):
 PSYoungGen      total 141312K, used 2276K [0x91ac0000, 0xa4240000, 0xa7000000)
  eden space 124672K, 0% used [0x91ac0000,0x91ac0000,0x99480000)
  from space 16640K, 13% used [0x99480000,0x996b9398,0x9a4c0000)
  to   space 26624K, 0% used [0xa2840000,0xa2840000,0xa4240000)
 ParOldGen       total 81664K, used 42333K [0x67000000, 0x6bfc0000, 0x91ac0000)
  object space 81664K, 51% used [0x67000000,0x69957508,0x6bfc0000)
 Metaspace       used 4103K, capacity 4134K, committed 4248K, reserved 4400K
}
Event: 3.738 GC heap before
{Heap before GC invocations=9 (full 1):
 PSYoungGen      total 141312K, used 126948K [0x91ac0000, 0xa4240000, 0xa7000000)
  eden space 124672K, 100% used [0x91ac0000,0x99480000,0x99480000)
  from space 16640K, 13% used [0x99480000,0x996b9398,0x9a4c0000)
  to   space 26624K, 0% used [0xa2840000,0xa2840000,0xa4240000)
 ParOldGen       total 81664K, used 42333K [0x67000000, 0x6bfc0000, 0x91ac0000)
  object space 81664K, 51% used [0x67000000,0x69957508,0x6bfc0000)
 Metaspace       used 4146K, capacity 4198K, committed 4248K, reserved 4400K
Event: 3.796 GC heap after
Heap after GC invocations=9 (full 1):
 PSYoungGen      total 199168K, used 19003K [0x91ac0000, 0xa3b00000, 0xa7000000)
  eden space 179968K, 0% used [0x91ac0000,0x91ac0000,0x9ca80000)
  from space 19200K, 98% used [0xa2840000,0xa3acef50,0xa3b00000)
  to   space 28672K, 0% used [0xa0300000,0xa0300000,0xa1f00000)
 ParOldGen       total 81664K, used 42337K [0x67000000, 0x6bfc0000, 0x91ac0000)
  object space 81664K, 51% used [0x67000000,0x69958508,0x6bfc0000)
 Metaspace       used 4146K, capacity 4198K, committed 4248K, reserved 4400K
}
Event: 4.361 GC heap before
{Heap before GC invocations=10 (full 1):
 PSYoungGen      total 199168K, used 198971K [0x91ac0000, 0xa3b00000, 0xa7000000)
  eden space 179968K, 100% used [0x91ac0000,0x9ca80000,0x9ca80000)
  from space 19200K, 98% used [0xa2840000,0xa3acef50,0xa3b00000)
  to   space 28672K, 0% used [0xa0300000,0xa0300000,0xa1f00000)
 ParOldGen       total 81664K, used 42337K [0x67000000, 0x6bfc0000, 0x91ac0000)
  object space 81664K, 51% used [0x67000000,0x69958508,0x6bfc0000)
 Metaspace       used 4200K, capacity 4230K, committed 4248K, reserved 4400K
Event: 4.444 GC heap after
Heap after GC invocations=10 (full 1):
 PSYoungGen      total 262656K, used 28664K [0x91ac0000, 0xa4ac0000, 0xa7000000)
  eden space 233984K, 0% used [0x91ac0000,0x91ac0000,0x9ff40000)
  from space 28672K, 99% used [0xa0300000,0xa1efe118,0xa1f00000)
  to   space 38656K, 0% used [0xa2500000,0xa2500000,0xa4ac0000)
 ParOldGen       total 81664K, used 54629K [0x67000000, 0x6bfc0000, 0x91ac0000)
  object space 81664K, 66% used [0x67000000,0x6a5594b0,0x6bfc0000)
 Metaspace       used 4200K, capacity 4230K, committed 4248K, reserved 4400K
}
Event: 5.443 GC heap before
{Heap before GC invocations=11 (full 1):
 PSYoungGen      total 262656K, used 262648K [0x91ac0000, 0xa4ac0000, 0xa7000000)
  eden space 233984K, 100% used [0x91ac0000,0x9ff40000,0x9ff40000)
  from space 28672K, 99% used [0xa0300000,0xa1efe118,0xa1f00000)
  to   space 38656K, 0% used [0xa2500000,0xa2500000,0xa4ac0000)
 ParOldGen       total 81664K, used 54629K [0x67000000, 0x6bfc0000, 0x91ac0000)
  object space 81664K, 66% used [0x67000000,0x6a5594b0,0x6bfc0000)
 Metaspace       used 4213K, capacity 4230K, committed 4248K, reserved 4400K
Event: 5.542 GC heap after
Heap after GC invocations=11 (full 1):
 PSYoungGen      total 256768K, used 38646K [0x91ac0000, 0xa7000000, 0xa7000000)
  eden space 218112K, 0% used [0x91ac0000,0x91ac0000,0x9efc0000)
  from space 38656K, 99% used [0xa2500000,0xa4abd938,0xa4ac0000)
  to   space 54528K, 0% used [0x9efc0000,0x9efc0000,0xa2500000)
 ParOldGen       total 81664K, used 79259K [0x67000000, 0x6bfc0000, 0x91ac0000)
  object space 81664K, 97% used [0x67000000,0x6bd66d88,0x6bfc0000)
 Metaspace       used 4213K, capacity 4230K, committed 4248K, reserved 4400K
}
Event: 5.542 GC heap before
{Heap before GC invocations=12 (full 2):
 PSYoungGen      total 256768K, used 38646K [0x91ac0000, 0xa7000000, 0xa7000000)
  eden space 218112K, 0% used [0x91ac0000,0x91ac0000,0x9efc0000)
  from space 38656K, 99% used [0xa2500000,0xa4abd938,0xa4ac0000)
  to   space 54528K, 0% used [0x9efc0000,0x9efc0000,0xa2500000)
 ParOldGen       total 81664K, used 79259K [0x67000000, 0x6bfc0000, 0x91ac0000)
  object space 81664K, 97% used [0x67000000,0x6bd66d88,0x6bfc0000)
 Metaspace       used 4213K, capacity 4230K, committed 4248K, reserved 4400K

