# JRE version: Java(TM) SE Runtime Environment (8.0_31-b13) (build 1.8.0_31-b13)
# Java VM: Java HotSpot(TM) Server VM (25.31-b07 mixed mode linux-x86 )
Heap:
 PSYoungGen      total 270848K, used 33563K [0x91ac0000, 0xa7000000, 0xa7000000)
  eden space 220416K, 0% used [0x91ac0000,0x91ac0000,0x9f200000)
  from space 50432K, 66% used [0xa3ec0000,0xa5f86ef0,0xa7000000)
  to   space 64512K, 0% used [0x9f200000,0x9f200000,0xa3100000)
 ParOldGen       total 139008K, used 138867K [0x67000000, 0x6f7c0000, 0x91ac0000)
  object space 139008K, 99% used [0x67000000,0x6f79cc10,0x6f7c0000)
 Metaspace       used 4215K, capacity 4262K, committed 4376K, reserved 4400K
GC Heap History (10 events):
Event: 4.641 GC heap after
Heap after GC invocations=12 (full 1):
 PSYoungGen      total 218880K, used 25316K [0x91ac0000, 0xa4780000, 0xa7000000)
  eden space 187136K, 0% used [0x91ac0000,0x91ac0000,0x9d180000)
  from space 31744K, 79% used [0x9d180000,0x9ea39138,0x9f080000)
  to   space 34816K, 0% used [0xa2580000,0xa2580000,0xa4780000)
 ParOldGen       total 78848K, used 58978K [0x67000000, 0x6bd00000, 0x91ac0000)
  object space 78848K, 74% used [0x67000000,0x6a998bc0,0x6bd00000)
 Metaspace       used 4195K, capacity 4230K, committed 4248K, reserved 4400K
}
Event: 5.442 GC heap before
{Heap before GC invocations=13 (full 1):
 PSYoungGen      total 218880K, used 212452K [0x91ac0000, 0xa4780000, 0xa7000000)
  eden space 187136K, 100% used [0x91ac0000,0x9d180000,0x9d180000)
  from space 31744K, 79% used [0x9d180000,0x9ea39138,0x9f080000)
  to   space 34816K, 0% used [0xa2580000,0xa2580000,0xa4780000)
 ParOldGen       total 78848K, used 58978K [0x67000000, 0x6bd00000, 0x91ac0000)
  object space 78848K, 74% used [0x67000000,0x6a998bc0,0x6bd00000)
 Metaspace       used 4206K, capacity 4262K, committed 4376K, reserved 4400K
Event: 5.514 GC heap after
Heap after GC invocations=13 (full 1):
 PSYoungGen      total 260864K, used 34803K [0x91ac0000, 0xa5f40000, 0xa7000000)
  eden space 226048K, 0% used [0x91ac0000,0x91ac0000,0x9f780000)
  from space 34816K, 99% used [0xa2580000,0xa477cee8,0xa4780000)
  to   space 47104K, 0% used [0x9f780000,0x9f780000,0xa2580000)
 ParOldGen       total 78848K, used 76609K [0x67000000, 0x6bd00000, 0x91ac0000)
  object space 78848K, 97% used [0x67000000,0x6bad0740,0x6bd00000)
 Metaspace       used 4206K, capacity 4262K, committed 4376K, reserved 4400K
}
Event: 5.514 GC heap before
{Heap before GC invocations=14 (full 2):
 PSYoungGen      total 260864K, used 34803K [0x91ac0000, 0xa5f40000, 0xa7000000)
  eden space 226048K, 0% used [0x91ac0000,0x91ac0000,0x9f780000)
  from space 34816K, 99% used [0xa2580000,0xa477cee8,0xa4780000)
  to   space 47104K, 0% used [0x9f780000,0x9f780000,0xa2580000)
 ParOldGen       total 78848K, used 76609K [0x67000000, 0x6bd00000, 0x91ac0000)
  object space 78848K, 97% used [0x67000000,0x6bad0740,0x6bd00000)
 Metaspace       used 4206K, capacity 4262K, committed 4376K, reserved 4400K
Event: 6.033 GC heap after
Heap after GC invocations=14 (full 2):
 PSYoungGen      total 260864K, used 31312K [0x91ac0000, 0xa5f40000, 0xa7000000)
  eden space 226048K, 0% used [0x91ac0000,0x91ac0000,0x9f780000)
  from space 34816K, 89% used [0xa2580000,0xa44143e8,0xa4780000)
  to   space 47104K, 0% used [0x9f780000,0x9f780000,0xa2580000)
 ParOldGen       total 139008K, used 78704K [0x67000000, 0x6f7c0000, 0x91ac0000)
  object space 139008K, 56% used [0x67000000,0x6bcdc000,0x6f7c0000)
 Metaspace       used 4206K, capacity 4262K, committed 4376K, reserved 4400K
}
Event: 6.814 GC heap before
{Heap before GC invocations=15 (full 2):
 PSYoungGen      total 260864K, used 257360K [0x91ac0000, 0xa5f40000, 0xa7000000)
  eden space 226048K, 100% used [0x91ac0000,0x9f780000,0x9f780000)
  from space 34816K, 89% used [0xa2580000,0xa44143e8,0xa4780000)
  to   space 47104K, 0% used [0x9f780000,0x9f780000,0xa2580000)
 ParOldGen       total 139008K, used 78704K [0x67000000, 0x6f7c0000, 0x91ac0000)
  object space 139008K, 56% used [0x67000000,0x6bcdc000,0x6f7c0000)
 Metaspace       used 4213K, capacity 4262K, committed 4376K, reserved 4400K
Event: 6.948 GC heap after
Heap after GC invocations=15 (full 2):
 PSYoungGen      total 273152K, used 33602K [0x91ac0000, 0xa7000000, 0xa7000000)
  eden space 226048K, 0% used [0x91ac0000,0x91ac0000,0x9f780000)
  from space 47104K, 71% used [0x9f780000,0xa18508f0,0xa2580000)
  to   space 50432K, 0% used [0xa3ec0000,0xa3ec0000,0xa7000000)
 ParOldGen       total 139008K, used 109997K [0x67000000, 0x6f7c0000, 0x91ac0000)
  object space 139008K, 79% used [0x67000000,0x6db6b7f0,0x6f7c0000)
 Metaspace       used 4213K, capacity 4262K, committed 4376K, reserved 4400K
}
Event: 7.585 GC heap before
{Heap before GC invocations=16 (full 2):
 PSYoungGen      total 273152K, used 259650K [0x91ac0000, 0xa7000000, 0xa7000000)
  eden space 226048K, 100% used [0x91ac0000,0x9f780000,0x9f780000)
  from space 47104K, 71% used [0x9f780000,0xa18508f0,0xa2580000)
  to   space 50432K, 0% used [0xa3ec0000,0xa3ec0000,0xa7000000)
 ParOldGen       total 139008K, used 109997K [0x67000000, 0x6f7c0000, 0x91ac0000)
  object space 139008K, 79% used [0x67000000,0x6db6b7f0,0x6f7c0000)
 Metaspace       used 4215K, capacity 4262K, committed 4376K, reserved 4400K
Event: 7.700 GC heap after
Heap after GC invocations=16 (full 2):
 PSYoungGen      total 270848K, used 50417K [0x91ac0000, 0xa7000000, 0xa7000000)
  eden space 220416K, 0% used [0x91ac0000,0x91ac0000,0x9f200000)
  from space 50432K, 99% used [0xa3ec0000,0xa6ffc448,0xa7000000)
  to   space 64512K, 0% used [0x9f200000,0x9f200000,0xa3100000)
 ParOldGen       total 139008K, used 125114K [0x67000000, 0x6f7c0000, 0x91ac0000)
  object space 139008K, 90% used [0x67000000,0x6ea2e9a0,0x6f7c0000)
 Metaspace       used 4215K, capacity 4262K, committed 4376K, reserved 4400K
}
Event: 7.700 GC heap before
{Heap before GC invocations=17 (full 3):
 PSYoungGen      total 270848K, used 50417K [0x91ac0000, 0xa7000000, 0xa7000000)
  eden space 220416K, 0% used [0x91ac0000,0x91ac0000,0x9f200000)
  from space 50432K, 99% used [0xa3ec0000,0xa6ffc448,0xa7000000)
  to   space 64512K, 0% used [0x9f200000,0x9f200000,0xa3100000)
 ParOldGen       total 139008K, used 125114K [0x67000000, 0x6f7c0000, 0x91ac0000)
  object space 139008K, 90% used [0x67000000,0x6ea2e9a0,0x6f7c0000)
 Metaspace       used 4215K, capacity 4262K, committed 4376K, reserved 4400K

