# JRE version: Java(TM) SE Runtime Environment (8.0_66-b17) (build 1.8.0_66-b17)
# Java VM: Java HotSpot(TM) Server VM (25.66-b17 mixed mode linux-x86 )
Heap:
 PSYoungGen      total 256256K, used 125284K [0x91ac0000, 0xa7000000, 0xa7000000)
  eden space 217856K, 42% used [0x91ac0000,0x97504d88,0x9ef80000)
  from space 38400K, 85% used [0xa24c0000,0xa44d4580,0xa4a40000)
  to   space 54528K, 0% used [0x9ef80000,0x9ef80000,0xa24c0000)
 ParOldGen       total 144896K, used 81362K [0x67000000, 0x6fd80000, 0x91ac0000)
  object space 144896K, 56% used [0x67000000,0x6bf74978,0x6fd80000)
 Metaspace       used 4262K, capacity 4294K, committed 4376K, reserved 4400K
GC Heap History (10 events):
Event: 4.642 GC heap before
{Heap before GC invocations=6 (full 0):
 PSYoungGen      total 66048K, used 66044K [0x91ac0000, 0x9b2c0000, 0xa7000000)
  eden space 63488K, 100% used [0x91ac0000,0x958c0000,0x958c0000)
  from space 2560K, 99% used [0x958c0000,0x95b3f000,0x95b40000)
  to   space 14336K, 0% used [0x9a4c0000,0x9a4c0000,0x9b2c0000)
 ParOldGen       total 42496K, used 18589K [0x67000000, 0x69980000, 0x91ac0000)
  object space 42496K, 43% used [0x67000000,0x682274f0,0x69980000)
 Metaspace       used 3930K, capacity 3942K, committed 3992K, reserved 4400K
Event: 4.705 GC heap after
Heap after GC invocations=6 (full 0):
 PSYoungGen      total 139264K, used 11743K [0x91ac0000, 0x9b6c0000, 0xa7000000)
  eden space 124928K, 0% used [0x91ac0000,0x91ac0000,0x994c0000)
  from space 14336K, 81% used [0x9a4c0000,0x9b037c78,0x9b2c0000)
  to   space 16384K, 0% used [0x994c0000,0x994c0000,0x9a4c0000)
 ParOldGen       total 42496K, used 18593K [0x67000000, 0x69980000, 0x91ac0000)
  object space 42496K, 43% used [0x67000000,0x682284f0,0x69980000)
 Metaspace       used 3930K, capacity 3942K, committed 3992K, reserved 4400K
}
Event: 6.398 GC heap before
{Heap before GC invocations=7 (full 0):
 PSYoungGen      total 139264K, used 136671K [0x91ac0000, 0x9b6c0000, 0xa7000000)
  eden space 124928K, 100% used [0x91ac0000,0x994c0000,0x994c0000)
  from space 14336K, 81% used [0x9a4c0000,0x9b037c78,0x9b2c0000)
  to   space 16384K, 0% used [0x994c0000,0x994c0000,0x9a4c0000)
 ParOldGen       total 42496K, used 18593K [0x67000000, 0x69980000, 0x91ac0000)
  object space 42496K, 43% used [0x67000000,0x682284f0,0x69980000)
 Metaspace       used 4083K, capacity 4134K, committed 4248K, reserved 4400K
Event: 6.549 GC heap after
Heap after GC invocations=7 (full 0):
 PSYoungGen      total 141312K, used 16380K [0x91ac0000, 0xa41c0000, 0xa7000000)
  eden space 124928K, 0% used [0x91ac0000,0x91ac0000,0x994c0000)
  from space 16384K, 99% used [0x994c0000,0x9a4bf070,0x9a4c0000)
  to   space 26112K, 0% used [0xa2840000,0xa2840000,0xa41c0000)
 ParOldGen       total 42496K, used 31133K [0x67000000, 0x69980000, 0x91ac0000)
  object space 42496K, 73% used [0x67000000,0x68e67758,0x69980000)
 Metaspace       used 4083K, capacity 4134K, committed 4248K, reserved 4400K
}
Event: 6.549 GC heap before
{Heap before GC invocations=8 (full 1):
 PSYoungGen      total 141312K, used 16380K [0x91ac0000, 0xa41c0000, 0xa7000000)
  eden space 124928K, 0% used [0x91ac0000,0x91ac0000,0x994c0000)
  from space 16384K, 99% used [0x994c0000,0x9a4bf070,0x9a4c0000)
  to   space 26112K, 0% used [0xa2840000,0xa2840000,0xa41c0000)
 ParOldGen       total 42496K, used 31133K [0x67000000, 0x69980000, 0x91ac0000)
  object space 42496K, 73% used [0x67000000,0x68e67758,0x69980000)
 Metaspace       used 4083K, capacity 4134K, committed 4248K, reserved 4400K
Event: 7.133 GC heap after
Heap after GC invocations=8 (full 1):
 PSYoungGen      total 141312K, used 1014K [0x91ac0000, 0xa41c0000, 0xa7000000)
  eden space 124928K, 0% used [0x91ac0000,0x91ac0000,0x994c0000)
  from space 16384K, 6% used [0x994c0000,0x995bd9c0,0x9a4c0000)
  to   space 26112K, 0% used [0xa2840000,0xa2840000,0xa41c0000)
 ParOldGen       total 81408K, used 42314K [0x67000000, 0x6bf80000, 0x91ac0000)
  object space 81408K, 51% used [0x67000000,0x69952998,0x6bf80000)
 Metaspace       used 4083K, capacity 4134K, committed 4248K, reserved 4400K
}
Event: 8.420 GC heap before
{Heap before GC invocations=9 (full 1):
 PSYoungGen      total 141312K, used 125942K [0x91ac0000, 0xa41c0000, 0xa7000000)
  eden space 124928K, 100% used [0x91ac0000,0x994c0000,0x994c0000)
  from space 16384K, 6% used [0x994c0000,0x995bd9c0,0x9a4c0000)
  to   space 26112K, 0% used [0xa2840000,0xa2840000,0xa41c0000)
 ParOldGen       total 81408K, used 42314K [0x67000000, 0x6bf80000, 0x91ac0000)
  object space 81408K, 51% used [0x67000000,0x69952998,0x6bf80000)
 Metaspace       used 4173K, capacity 4198K, committed 4248K, reserved 4400K
Event: 8.600 GC heap after
Heap after GC invocations=9 (full 1):
 PSYoungGen      total 202240K, used 19005K [0x91ac0000, 0xa3b00000, 0xa7000000)
  eden space 183040K, 0% used [0x91ac0000,0x91ac0000,0x9cd80000)
  from space 19200K, 98% used [0xa2840000,0xa3acf5a0,0xa3b00000)
  to   space 28160K, 0% used [0xa0400000,0xa0400000,0xa1f80000)
 ParOldGen       total 81408K, used 42314K [0x67000000, 0x6bf80000, 0x91ac0000)
  object space 81408K, 51% used [0x67000000,0x69952998,0x6bf80000)
 Metaspace       used 4173K, capacity 4198K, committed 4248K, reserved 4400K
}
Event: 10.258 GC heap before
{Heap before GC invocations=10 (full 1):
 PSYoungGen      total 202240K, used 202045K [0x91ac0000, 0xa3b00000, 0xa7000000)
  eden space 183040K, 100% used [0x91ac0000,0x9cd80000,0x9cd80000)
  from space 19200K, 98% used [0xa2840000,0xa3acf5a0,0xa3b00000)
  to   space 28160K, 0% used [0xa0400000,0xa0400000,0xa1f80000)
 ParOldGen       total 81408K, used 42314K [0x67000000, 0x6bf80000, 0x91ac0000)
  object space 81408K, 51% used [0x67000000,0x69952998,0x6bf80000)
 Metaspace       used 4240K, capacity 4262K, committed 4376K, reserved 4400K
Event: 10.381 GC heap after
Heap after GC invocations=10 (full 1):
 PSYoungGen      total 262144K, used 28144K [0x91ac0000, 0xa4a40000, 0xa7000000)
  eden space 233984K, 0% used [0x91ac0000,0x91ac0000,0x9ff40000)
  from space 28160K, 99% used [0xa0400000,0xa1f7c370,0xa1f80000)
  to   space 38400K, 0% used [0xa24c0000,0xa24c0000,0xa4a40000)
 ParOldGen       total 81408K, used 54939K [0x67000000, 0x6bf80000, 0x91ac0000)
  object space 81408K, 67% used [0x67000000,0x6a5a6cf0,0x6bf80000)
 Metaspace       used 4240K, capacity 4262K, committed 4376K, reserved 4400K
}

