# JRE version: Java(TM) SE Runtime Environment (8.0_31-b13) (build 1.8.0_31-b13)
# Java VM: Java HotSpot(TM) Server VM (25.31-b07 mixed mode linux-x86 )
Heap:
 PSYoungGen      total 282624K, used 16042K [0x91ac0000, 0xa7000000, 0xa7000000)
  eden space 244224K, 0% used [0x91ac0000,0x91ac0000,0xa0940000)
  from space 38400K, 41% used [0xa0940000,0xa18ea8d0,0xa2ec0000)
  to   space 53760K, 0% used [0xa3b80000,0xa3b80000,0xa7000000)
 ParOldGen       total 127232K, used 127061K [0x67000000, 0x6ec40000, 0x91ac0000)
  object space 127232K, 99% used [0x67000000,0x6ec154f0,0x6ec40000)
 Metaspace       used 4216K, capacity 4262K, committed 4376K, reserved 4400K
GC Heap History (10 events):
Event: 4.714 GC heap after
Heap after GC invocations=11 (full 1):
 PSYoungGen      total 215040K, used 19427K [0x91ac0000, 0xa13c0000, 0xa7000000)
  eden space 186624K, 0% used [0x91ac0000,0x91ac0000,0x9d100000)
  from space 28416K, 68% used [0x9f080000,0xa0378db0,0xa0c40000)
  to   space 32256K, 0% used [0x9d100000,0x9d100000,0x9f080000)
 ParOldGen       total 76288K, used 42273K [0x67000000, 0x6ba80000, 0x91ac0000)
  object space 76288K, 55% used [0x67000000,0x69948580,0x6ba80000)
 Metaspace       used 4167K, capacity 4198K, committed 4248K, reserved 4400K
}
Event: 5.438 GC heap before
{Heap before GC invocations=12 (full 1):
 PSYoungGen      total 215040K, used 206051K [0x91ac0000, 0xa13c0000, 0xa7000000)
  eden space 186624K, 100% used [0x91ac0000,0x9d100000,0x9d100000)
  from space 28416K, 68% used [0x9f080000,0xa0378db0,0xa0c40000)
  to   space 32256K, 0% used [0x9d100000,0x9d100000,0x9f080000)
 ParOldGen       total 76288K, used 42273K [0x67000000, 0x6ba80000, 0x91ac0000)
  object space 76288K, 55% used [0x67000000,0x69948580,0x6ba80000)
 Metaspace       used 4203K, capacity 4230K, committed 4248K, reserved 4400K
Event: 5.702 GC heap after
Heap after GC invocations=12 (full 1):
 PSYoungGen      total 218880K, used 24377K [0x91ac0000, 0xa5a40000, 0xa7000000)
  eden space 186624K, 0% used [0x91ac0000,0x91ac0000,0x9d100000)
  from space 32256K, 75% used [0x9d100000,0x9e8ce790,0x9f080000)
  to   space 34816K, 0% used [0xa3840000,0xa3840000,0xa5a40000)
 ParOldGen       total 76288K, used 60838K [0x67000000, 0x6ba80000, 0x91ac0000)
  object space 76288K, 79% used [0x67000000,0x6ab69bf0,0x6ba80000)
 Metaspace       used 4203K, capacity 4230K, committed 4248K, reserved 4400K
}
Event: 5.702 GC heap before
{Heap before GC invocations=13 (full 2):
 PSYoungGen      total 218880K, used 24377K [0x91ac0000, 0xa5a40000, 0xa7000000)
  eden space 186624K, 0% used [0x91ac0000,0x91ac0000,0x9d100000)
  from space 32256K, 75% used [0x9d100000,0x9e8ce790,0x9f080000)
  to   space 34816K, 0% used [0xa3840000,0xa3840000,0xa5a40000)
 ParOldGen       total 76288K, used 60838K [0x67000000, 0x6ba80000, 0x91ac0000)
  object space 76288K, 79% used [0x67000000,0x6ab69bf0,0x6ba80000)
 Metaspace       used 4203K, capacity 4230K, committed 4248K, reserved 4400K
Event: 6.038 GC heap after
Heap after GC invocations=13 (full 2):
 PSYoungGen      total 218880K, used 7334K [0x91ac0000, 0xa5a40000, 0xa7000000)
  eden space 186624K, 0% used [0x91ac0000,0x91ac0000,0x9d100000)
  from space 32256K, 22% used [0x9d100000,0x9d829b10,0x9f080000)
  to   space 34816K, 0% used [0xa3840000,0xa3840000,0xa5a40000)
 ParOldGen       total 127232K, used 76181K [0x67000000, 0x6ec40000, 0x91ac0000)
  object space 127232K, 59% used [0x67000000,0x6ba65400,0x6ec40000)
 Metaspace       used 4203K, capacity 4230K, committed 4248K, reserved 4400K
}
Event: 6.741 GC heap before
{Heap before GC invocations=14 (full 2):
 PSYoungGen      total 218880K, used 193958K [0x91ac0000, 0xa5a40000, 0xa7000000)
  eden space 186624K, 100% used [0x91ac0000,0x9d100000,0x9d100000)
  from space 32256K, 22% used [0x9d100000,0x9d829b10,0x9f080000)
  to   space 34816K, 0% used [0xa3840000,0xa3840000,0xa5a40000)
 ParOldGen       total 127232K, used 76181K [0x67000000, 0x6ec40000, 0x91ac0000)
  object space 127232K, 59% used [0x67000000,0x6ba65400,0x6ec40000)
 Metaspace       used 4211K, capacity 4262K, committed 4376K, reserved 4400K
Event: 6.803 GC heap after
Heap after GC invocations=14 (full 2):
 PSYoungGen      total 261888K, used 28586K [0x91ac0000, 0xa5440000, 0xa7000000)
  eden space 233216K, 0% used [0x91ac0000,0x91ac0000,0x9fe80000)
  from space 28672K, 99% used [0xa3840000,0xa542a8d0,0xa5440000)
  to   space 38400K, 0% used [0xa0940000,0xa0940000,0xa2ec0000)
 ParOldGen       total 127232K, used 82555K [0x67000000, 0x6ec40000, 0x91ac0000)
  object space 127232K, 64% used [0x67000000,0x6c09edb8,0x6ec40000)
 Metaspace       used 4211K, capacity 4262K, committed 4376K, reserved 4400K
}
Event: 7.547 GC heap before
{Heap before GC invocations=15 (full 2):
 PSYoungGen      total 261888K, used 261802K [0x91ac0000, 0xa5440000, 0xa7000000)
  eden space 233216K, 100% used [0x91ac0000,0x9fe80000,0x9fe80000)
  from space 28672K, 99% used [0xa3840000,0xa542a8d0,0xa5440000)
  to   space 38400K, 0% used [0xa0940000,0xa0940000,0xa2ec0000)
 ParOldGen       total 127232K, used 82555K [0x67000000, 0x6ec40000, 0x91ac0000)
  object space 127232K, 64% used [0x67000000,0x6c09edb8,0x6ec40000)
 Metaspace       used 4216K, capacity 4262K, committed 4376K, reserved 4400K
Event: 7.681 GC heap after
Heap after GC invocations=15 (full 2):
 PSYoungGen      total 282624K, used 38393K [0x91ac0000, 0xa7000000, 0xa7000000)
  eden space 244224K, 0% used [0x91ac0000,0x91ac0000,0xa0940000)
  from space 38400K, 99% used [0xa0940000,0xa2ebe4a0,0xa2ec0000)
  to   space 53760K, 0% used [0xa3b80000,0xa3b80000,0xa7000000)
 ParOldGen       total 127232K, used 106355K [0x67000000, 0x6ec40000, 0x91ac0000)
  object space 127232K, 83% used [0x67000000,0x6d7dce88,0x6ec40000)
 Metaspace       used 4216K, capacity 4262K, committed 4376K, reserved 4400K
}
Event: 7.681 GC heap before
{Heap before GC invocations=16 (full 3):
 PSYoungGen      total 282624K, used 38393K [0x91ac0000, 0xa7000000, 0xa7000000)
  eden space 244224K, 0% used [0x91ac0000,0x91ac0000,0xa0940000)
  from space 38400K, 99% used [0xa0940000,0xa2ebe4a0,0xa2ec0000)
  to   space 53760K, 0% used [0xa3b80000,0xa3b80000,0xa7000000)
 ParOldGen       total 127232K, used 106355K [0x67000000, 0x6ec40000, 0x91ac0000)
  object space 127232K, 83% used [0x67000000,0x6d7dce88,0x6ec40000)
 Metaspace       used 4216K, capacity 4262K, committed 4376K, reserved 4400K

