# JRE version: Java(TM) SE Runtime Environment (8.0_31-b13) (build 1.8.0_31-b13)
# Java VM: Java HotSpot(TM) Server VM (25.31-b07 mixed mode linux-x86 )
Heap:
 PSYoungGen      total 140032K, used 19711K [0x91cc0000, 0x9bd40000, 0xa7200000)
  eden space 120320K, 0% used [0x91cc0000,0x91cc0000,0x99240000)
  from space 19712K, 99% used [0x99240000,0x9a57ff28,0x9a580000)
  to   space 15104K, 0% used [0x9a580000,0x9a580000,0x9b440000)
 ParOldGen       total 42496K, used 32063K [0x67200000, 0x69b80000, 0x91cc0000)
  object space 42496K, 75% used [0x67200000,0x6914fc80,0x69b80000)
 Metaspace       used 4112K, capacity 4134K, committed 4248K, reserved 4400K
GC Heap History (10 events):
Event: 1.343 GC heap after
Heap after GC invocations=4 (full 0):
 PSYoungGen      total 34304K, used 2549K [0x91cc0000, 0x940c0000, 0xa7200000)
  eden space 31744K, 0% used [0x91cc0000,0x91cc0000,0x93bc0000)
  from space 2560K, 99% used [0x93e40000,0x940bd5f8,0x940c0000)
  to   space 2560K, 0% used [0x93bc0000,0x93bc0000,0x93e40000)
 ParOldGen       total 42496K, used 4007K [0x67200000, 0x69b80000, 0x91cc0000)
  object space 42496K, 9% used [0x67200000,0x675e9ea0,0x69b80000)
 Metaspace       used 3804K, capacity 3814K, committed 3864K, reserved 4400K
}
Event: 1.618 GC heap before
{Heap before GC invocations=5 (full 0):
 PSYoungGen      total 34304K, used 34293K [0x91cc0000, 0x940c0000, 0xa7200000)
  eden space 31744K, 100% used [0x91cc0000,0x93bc0000,0x93bc0000)
  from space 2560K, 99% used [0x93e40000,0x940bd5f8,0x940c0000)
  to   space 2560K, 0% used [0x93bc0000,0x93bc0000,0x93e40000)
 ParOldGen       total 42496K, used 4007K [0x67200000, 0x69b80000, 0x91cc0000)
  object space 42496K, 9% used [0x67200000,0x675e9ea0,0x69b80000)
 Metaspace       used 3833K, capacity 3846K, committed 3864K, reserved 4400K
Event: 1.633 GC heap after
Heap after GC invocations=5 (full 0):
 PSYoungGen      total 34304K, used 2559K [0x91cc0000, 0x96bc0000, 0xa7200000)
  eden space 31744K, 0% used [0x91cc0000,0x91cc0000,0x93bc0000)
  from space 2560K, 99% used [0x93bc0000,0x93e3ff80,0x93e40000)
  to   space 8704K, 0% used [0x96340000,0x96340000,0x96bc0000)
 ParOldGen       total 42496K, used 8882K [0x67200000, 0x69b80000, 0x91cc0000)
  object space 42496K, 20% used [0x67200000,0x67aacb68,0x69b80000)
 Metaspace       used 3833K, capacity 3846K, committed 3864K, reserved 4400K
}
Event: 1.880 GC heap before
{Heap before GC invocations=6 (full 0):
 PSYoungGen      total 34304K, used 34303K [0x91cc0000, 0x96bc0000, 0xa7200000)
  eden space 31744K, 100% used [0x91cc0000,0x93bc0000,0x93bc0000)
  from space 2560K, 99% used [0x93bc0000,0x93e3ff80,0x93e40000)
  to   space 8704K, 0% used [0x96340000,0x96340000,0x96bc0000)
 ParOldGen       total 42496K, used 8882K [0x67200000, 0x69b80000, 0x91cc0000)
  object space 42496K, 20% used [0x67200000,0x67aacb68,0x69b80000)
 Metaspace       used 3861K, capacity 3910K, committed 3992K, reserved 4400K
Event: 1.896 GC heap after
Heap after GC invocations=6 (full 0):
 PSYoungGen      total 71168K, used 7022K [0x91cc0000, 0x96dc0000, 0xa7200000)
  eden space 62464K, 0% used [0x91cc0000,0x91cc0000,0x959c0000)
  from space 8704K, 80% used [0x96340000,0x96a1b990,0x96bc0000)
  to   space 9728K, 0% used [0x959c0000,0x959c0000,0x96340000)
 ParOldGen       total 42496K, used 8882K [0x67200000, 0x69b80000, 0x91cc0000)
  object space 42496K, 20% used [0x67200000,0x67aacb68,0x69b80000)
 Metaspace       used 3861K, capacity 3910K, committed 3992K, reserved 4400K
}
Event: 2.210 GC heap before
{Heap before GC invocations=7 (full 0):
 PSYoungGen      total 71168K, used 69486K [0x91cc0000, 0x96dc0000, 0xa7200000)
  eden space 62464K, 100% used [0x91cc0000,0x959c0000,0x959c0000)
  from space 8704K, 80% used [0x96340000,0x96a1b990,0x96bc0000)
  to   space 9728K, 0% used [0x959c0000,0x959c0000,0x96340000)
 ParOldGen       total 42496K, used 8882K [0x67200000, 0x69b80000, 0x91cc0000)
  object space 42496K, 20% used [0x67200000,0x67aacb68,0x69b80000)
 Metaspace       used 3906K, capacity 3942K, committed 3992K, reserved 4400K
Event: 2.246 GC heap after
Heap after GC invocations=7 (full 0):
 PSYoungGen      total 72192K, used 9727K [0x91cc0000, 0x9b440000, 0xa7200000)
  eden space 62464K, 0% used [0x91cc0000,0x91cc0000,0x959c0000)
  from space 9728K, 99% used [0x959c0000,0x9633ffb8,0x96340000)
  to   space 15104K, 0% used [0x9a580000,0x9a580000,0x9b440000)
 ParOldGen       total 42496K, used 15678K [0x67200000, 0x69b80000, 0x91cc0000)
  object space 42496K, 36% used [0x67200000,0x6814f8c8,0x69b80000)
 Metaspace       used 3906K, capacity 3942K, committed 3992K, reserved 4400K
}
Event: 2.578 GC heap before
{Heap before GC invocations=8 (full 0):
 PSYoungGen      total 72192K, used 72191K [0x91cc0000, 0x9b440000, 0xa7200000)
  eden space 62464K, 100% used [0x91cc0000,0x959c0000,0x959c0000)
  from space 9728K, 99% used [0x959c0000,0x9633ffb8,0x96340000)
  to   space 15104K, 0% used [0x9a580000,0x9a580000,0x9b440000)
 ParOldGen       total 42496K, used 15678K [0x67200000, 0x69b80000, 0x91cc0000)
  object space 42496K, 36% used [0x67200000,0x6814f8c8,0x69b80000)
 Metaspace       used 4015K, capacity 4038K, committed 4120K, reserved 4400K
Event: 2.621 GC heap after
Heap after GC invocations=8 (full 0):
 PSYoungGen      total 135424K, used 15098K [0x91cc0000, 0x9bd40000, 0xa7200000)
  eden space 120320K, 0% used [0x91cc0000,0x91cc0000,0x99240000)
  from space 15104K, 99% used [0x9a580000,0x9b43e840,0x9b440000)
  to   space 19712K, 0% used [0x99240000,0x99240000,0x9a580000)
 ParOldGen       total 42496K, used 19847K [0x67200000, 0x69b80000, 0x91cc0000)
  object space 42496K, 46% used [0x67200000,0x68561f48,0x69b80000)
 Metaspace       used 4015K, capacity 4038K, committed 4120K, reserved 4400K
}
Event: 3.157 GC heap before
{Heap before GC invocations=9 (full 0):
 PSYoungGen      total 135424K, used 135418K [0x91cc0000, 0x9bd40000, 0xa7200000)
  eden space 120320K, 100% used [0x91cc0000,0x99240000,0x99240000)
  from space 15104K, 99% used [0x9a580000,0x9b43e840,0x9b440000)
  to   space 19712K, 0% used [0x99240000,0x99240000,0x9a580000)
 ParOldGen       total 42496K, used 19847K [0x67200000, 0x69b80000, 0x91cc0000)
  object space 42496K, 46% used [0x67200000,0x68561f48,0x69b80000)
 Metaspace       used 4112K, capacity 4134K, committed 4248K, reserved 4400K

