# JRE version: Java(TM) SE Runtime Environment (8.0_31-b13) (build 1.8.0_31-b13)
# Java VM: Java HotSpot(TM) Server VM (25.31-b07 mixed mode linux-x86 )
Heap:
 PSYoungGen      total 260864K, used 37932K [0x91ac0000, 0xa7000000, 0xa7000000)
  eden space 205056K, 0% used [0x91ac0000,0x91ac0000,0x9e300000)
  from space 55808K, 67% used [0xa3980000,0xa5e8b2c8,0xa7000000)
  to   space 72192K, 0% used [0x9e300000,0x9e300000,0xa2980000)
 ParOldGen       total 138240K, used 138013K [0x67000000, 0x6f700000, 0x91ac0000)
  object space 138240K, 99% used [0x67000000,0x6f6c7560,0x6f700000)
 Metaspace       used 4225K, capacity 4262K, committed 4376K, reserved 4400K
GC Heap History (10 events):
Event: 4.027 GC heap after
Heap after GC invocations=12 (full 1):
 PSYoungGen      total 220672K, used 24598K [0x91ac0000, 0xa4a80000, 0xa7000000)
  eden space 189184K, 0% used [0x91ac0000,0x91ac0000,0x9d380000)
  from space 31488K, 78% used [0x9d380000,0x9eb85a50,0x9f240000)
  to   space 34304K, 0% used [0xa2900000,0xa2900000,0xa4a80000)
 ParOldGen       total 79360K, used 62037K [0x67000000, 0x6bd80000, 0x91ac0000)
  object space 79360K, 78% used [0x67000000,0x6ac95450,0x6bd80000)
 Metaspace       used 4197K, capacity 4230K, committed 4248K, reserved 4400K
}
Event: 4.027 GC heap before
{Heap before GC invocations=13 (full 2):
 PSYoungGen      total 220672K, used 24598K [0x91ac0000, 0xa4a80000, 0xa7000000)
  eden space 189184K, 0% used [0x91ac0000,0x91ac0000,0x9d380000)
  from space 31488K, 78% used [0x9d380000,0x9eb85a50,0x9f240000)
  to   space 34304K, 0% used [0xa2900000,0xa2900000,0xa4a80000)
 ParOldGen       total 79360K, used 62037K [0x67000000, 0x6bd80000, 0x91ac0000)
  object space 79360K, 78% used [0x67000000,0x6ac95450,0x6bd80000)
 Metaspace       used 4197K, capacity 4230K, committed 4248K, reserved 4400K
Event: 4.428 GC heap after
Heap after GC invocations=13 (full 2):
 PSYoungGen      total 220672K, used 5498K [0x91ac0000, 0xa4a80000, 0xa7000000)
  eden space 189184K, 0% used [0x91ac0000,0x91ac0000,0x9d380000)
  from space 31488K, 17% used [0x9d380000,0x9d8de880,0x9f240000)
  to   space 34304K, 0% used [0xa2900000,0xa2900000,0xa4a80000)
 ParOldGen       total 138240K, used 79186K [0x67000000, 0x6f700000, 0x91ac0000)
  object space 138240K, 57% used [0x67000000,0x6bd549c8,0x6f700000)
 Metaspace       used 4197K, capacity 4230K, committed 4248K, reserved 4400K
}
Event: 5.120 GC heap before
{Heap before GC invocations=14 (full 2):
 PSYoungGen      total 220672K, used 194682K [0x91ac0000, 0xa4a80000, 0xa7000000)
  eden space 189184K, 100% used [0x91ac0000,0x9d380000,0x9d380000)
  from space 31488K, 17% used [0x9d380000,0x9d8de880,0x9f240000)
  to   space 34304K, 0% used [0xa2900000,0xa2900000,0xa4a80000)
 ParOldGen       total 138240K, used 79186K [0x67000000, 0x6f700000, 0x91ac0000)
  object space 138240K, 57% used [0x67000000,0x6bd549c8,0x6f700000)
 Metaspace       used 4207K, capacity 4262K, committed 4376K, reserved 4400K
Event: 5.190 GC heap after
Heap after GC invocations=14 (full 2):
 PSYoungGen      total 252928K, used 33322K [0x91ac0000, 0xa49c0000, 0xa7000000)
  eden space 219392K, 0% used [0x91ac0000,0x91ac0000,0x9f100000)
  from space 33536K, 99% used [0xa2900000,0xa498ab18,0xa49c0000)
  to   space 39680K, 0% used [0x9fc40000,0x9fc40000,0xa2300000)
 ParOldGen       total 138240K, used 79186K [0x67000000, 0x6f700000, 0x91ac0000)
  object space 138240K, 57% used [0x67000000,0x6bd549c8,0x6f700000)
 Metaspace       used 4207K, capacity 4262K, committed 4376K, reserved 4400K
}
Event: 5.957 GC heap before
{Heap before GC invocations=15 (full 2):
 PSYoungGen      total 252928K, used 252714K [0x91ac0000, 0xa49c0000, 0xa7000000)
  eden space 219392K, 100% used [0x91ac0000,0x9f100000,0x9f100000)
  from space 33536K, 99% used [0xa2900000,0xa498ab18,0xa49c0000)
  to   space 39680K, 0% used [0x9fc40000,0x9fc40000,0xa2300000)
 ParOldGen       total 138240K, used 79186K [0x67000000, 0x6f700000, 0x91ac0000)
  object space 138240K, 57% used [0x67000000,0x6bd549c8,0x6f700000)
 Metaspace       used 4215K, capacity 4262K, committed 4376K, reserved 4400K
Event: 6.073 GC heap after
Heap after GC invocations=15 (full 2):
 PSYoungGen      total 270592K, used 39667K [0x91ac0000, 0xa7000000, 0xa7000000)
  eden space 230912K, 0% used [0x91ac0000,0x91ac0000,0x9fc40000)
  from space 39680K, 99% used [0x9fc40000,0xa22fcc68,0xa2300000)
  to   space 55808K, 0% used [0xa3980000,0xa3980000,0xa7000000)
 ParOldGen       total 138240K, used 104085K [0x67000000, 0x6f700000, 0x91ac0000)
  object space 138240K, 75% used [0x67000000,0x6d5a55a0,0x6f700000)
 Metaspace       used 4215K, capacity 4262K, committed 4376K, reserved 4400K
}
Event: 6.784 GC heap before
{Heap before GC invocations=16 (full 2):
 PSYoungGen      total 270592K, used 270579K [0x91ac0000, 0xa7000000, 0xa7000000)
  eden space 230912K, 100% used [0x91ac0000,0x9fc40000,0x9fc40000)
  from space 39680K, 99% used [0x9fc40000,0xa22fcc68,0xa2300000)
  to   space 55808K, 0% used [0xa3980000,0xa3980000,0xa7000000)
 ParOldGen       total 138240K, used 104085K [0x67000000, 0x6f700000, 0x91ac0000)
  object space 138240K, 75% used [0x67000000,0x6d5a55a0,0x6f700000)
 Metaspace       used 4225K, capacity 4262K, committed 4376K, reserved 4400K
Event: 7.232 GC heap after
Heap after GC invocations=16 (full 2):
 PSYoungGen      total 260864K, used 55802K [0x91ac0000, 0xa7000000, 0xa7000000)
  eden space 205056K, 0% used [0x91ac0000,0x91ac0000,0x9e300000)
  from space 55808K, 99% used [0xa3980000,0xa6ffeb28,0xa7000000)
  to   space 72192K, 0% used [0x9e300000,0x9e300000,0xa2980000)
 ParOldGen       total 138240K, used 122124K [0x67000000, 0x6f700000, 0x91ac0000)
  object space 138240K, 88% used [0x67000000,0x6e7430d8,0x6f700000)
 Metaspace       used 4225K, capacity 4262K, committed 4376K, reserved 4400K
}
Event: 7.232 GC heap before
{Heap before GC invocations=17 (full 3):
 PSYoungGen      total 260864K, used 55802K [0x91ac0000, 0xa7000000, 0xa7000000)
  eden space 205056K, 0% used [0x91ac0000,0x91ac0000,0x9e300000)
  from space 55808K, 99% used [0xa3980000,0xa6ffeb28,0xa7000000)
  to   space 72192K, 0% used [0x9e300000,0x9e300000,0xa2980000)
 ParOldGen       total 138240K, used 122124K [0x67000000, 0x6f700000, 0x91ac0000)
  object space 138240K, 88% used [0x67000000,0x6e7430d8,0x6f700000)
 Metaspace       used 4225K, capacity 4262K, committed 4376K, reserved 4400K

