# JRE version: Java(TM) SE Runtime Environment (8.0_31-b13) (build 1.8.0_31-b13)
# Java VM: Java HotSpot(TM) Server VM (25.31-b07 mixed mode linux-x86 )
Heap:
 PSYoungGen      total 270592K, used 33289K [0x91ac0000, 0xa7000000, 0xa7000000)
  eden space 220928K, 0% used [0x91ac0000,0x91ac0000,0x9f280000)
  from space 49664K, 67% used [0xa3f80000,0xa60027a0,0xa7000000)
  to   space 64256K, 0% used [0x9f280000,0x9f280000,0xa3140000)
 ParOldGen       total 139520K, used 139427K [0x67000000, 0x6f840000, 0x91ac0000)
  object space 139520K, 99% used [0x67000000,0x6f828d10,0x6f840000)
 Metaspace       used 4230K, capacity 4262K, committed 4376K, reserved 4400K
GC Heap History (10 events):
Event: 4.036 GC heap after
Heap after GC invocations=12 (full 1):
 PSYoungGen      total 217600K, used 23385K [0x91ac0000, 0xa4580000, 0xa7000000)
  eden space 185344K, 0% used [0x91ac0000,0x91ac0000,0x9cfc0000)
  from space 32256K, 72% used [0x9cfc0000,0x9e6965f8,0x9ef40000)
  to   space 34560K, 0% used [0xa23c0000,0xa23c0000,0xa4580000)
 ParOldGen       total 79360K, used 60833K [0x67000000, 0x6bd80000, 0x91ac0000)
  object space 79360K, 76% used [0x67000000,0x6ab687c8,0x6bd80000)
 Metaspace       used 4206K, capacity 4230K, committed 4248K, reserved 4400K
}
Event: 4.734 GC heap before
{Heap before GC invocations=13 (full 1):
 PSYoungGen      total 217600K, used 208729K [0x91ac0000, 0xa4580000, 0xa7000000)
  eden space 185344K, 100% used [0x91ac0000,0x9cfc0000,0x9cfc0000)
  from space 32256K, 72% used [0x9cfc0000,0x9e6965f8,0x9ef40000)
  to   space 34560K, 0% used [0xa23c0000,0xa23c0000,0xa4580000)
 ParOldGen       total 79360K, used 60833K [0x67000000, 0x6bd80000, 0x91ac0000)
  object space 79360K, 76% used [0x67000000,0x6ab687c8,0x6bd80000)
 Metaspace       used 4222K, capacity 4262K, committed 4376K, reserved 4400K
Event: 4.808 GC heap after
Heap after GC invocations=13 (full 1):
 PSYoungGen      total 259584K, used 34554K [0x91ac0000, 0xa5d00000, 0xa7000000)
  eden space 225024K, 0% used [0x91ac0000,0x91ac0000,0x9f680000)
  from space 34560K, 99% used [0xa23c0000,0xa457ea00,0xa4580000)
  to   space 46336K, 0% used [0x9f680000,0x9f680000,0xa23c0000)
 ParOldGen       total 79360K, used 76742K [0x67000000, 0x6bd80000, 0x91ac0000)
  object space 79360K, 96% used [0x67000000,0x6baf1b08,0x6bd80000)
 Metaspace       used 4222K, capacity 4262K, committed 4376K, reserved 4400K
}
Event: 4.808 GC heap before
{Heap before GC invocations=14 (full 2):
 PSYoungGen      total 259584K, used 34554K [0x91ac0000, 0xa5d00000, 0xa7000000)
  eden space 225024K, 0% used [0x91ac0000,0x91ac0000,0x9f680000)
  from space 34560K, 99% used [0xa23c0000,0xa457ea00,0xa4580000)
  to   space 46336K, 0% used [0x9f680000,0x9f680000,0xa23c0000)
 ParOldGen       total 79360K, used 76742K [0x67000000, 0x6bd80000, 0x91ac0000)
  object space 79360K, 96% used [0x67000000,0x6baf1b08,0x6bd80000)
 Metaspace       used 4222K, capacity 4262K, committed 4376K, reserved 4400K
Event: 5.287 GC heap after
Heap after GC invocations=14 (full 2):
 PSYoungGen      total 259584K, used 30290K [0x91ac0000, 0xa5d00000, 0xa7000000)
  eden space 225024K, 0% used [0x91ac0000,0x91ac0000,0x9f680000)
  from space 34560K, 87% used [0xa23c0000,0xa4154b18,0xa4580000)
  to   space 46336K, 0% used [0x9f680000,0x9f680000,0xa23c0000)
 ParOldGen       total 139520K, used 79350K [0x67000000, 0x6f840000, 0x91ac0000)
  object space 139520K, 56% used [0x67000000,0x6bd7da68,0x6f840000)
 Metaspace       used 4222K, capacity 4262K, committed 4376K, reserved 4400K
}
Event: 6.082 GC heap before
{Heap before GC invocations=15 (full 2):
 PSYoungGen      total 259584K, used 255314K [0x91ac0000, 0xa5d00000, 0xa7000000)
  eden space 225024K, 100% used [0x91ac0000,0x9f680000,0x9f680000)
  from space 34560K, 87% used [0xa23c0000,0xa4154b18,0xa4580000)
  to   space 46336K, 0% used [0x9f680000,0x9f680000,0xa23c0000)
 ParOldGen       total 139520K, used 79350K [0x67000000, 0x6f840000, 0x91ac0000)
  object space 139520K, 56% used [0x67000000,0x6bd7da68,0x6f840000)
 Metaspace       used 4228K, capacity 4262K, committed 4376K, reserved 4400K
Event: 6.245 GC heap after
Heap after GC invocations=15 (full 2):
 PSYoungGen      total 271360K, used 34105K [0x91ac0000, 0xa7000000, 0xa7000000)
  eden space 225024K, 0% used [0x91ac0000,0x91ac0000,0x9f680000)
  from space 46336K, 73% used [0x9f680000,0xa17ce688,0xa23c0000)
  to   space 49664K, 0% used [0xa3f80000,0xa3f80000,0xa7000000)
 ParOldGen       total 139520K, used 110098K [0x67000000, 0x6f840000, 0x91ac0000)
  object space 139520K, 78% used [0x67000000,0x6db84998,0x6f840000)
 Metaspace       used 4228K, capacity 4262K, committed 4376K, reserved 4400K
}
Event: 6.935 GC heap before
{Heap before GC invocations=16 (full 2):
 PSYoungGen      total 271360K, used 259129K [0x91ac0000, 0xa7000000, 0xa7000000)
  eden space 225024K, 100% used [0x91ac0000,0x9f680000,0x9f680000)
  from space 46336K, 73% used [0x9f680000,0xa17ce688,0xa23c0000)
  to   space 49664K, 0% used [0xa3f80000,0xa3f80000,0xa7000000)
 ParOldGen       total 139520K, used 110098K [0x67000000, 0x6f840000, 0x91ac0000)
  object space 139520K, 78% used [0x67000000,0x6db84998,0x6f840000)
 Metaspace       used 4230K, capacity 4262K, committed 4376K, reserved 4400K
Event: 7.044 GC heap after
Heap after GC invocations=16 (full 2):
 PSYoungGen      total 270592K, used 49657K [0x91ac0000, 0xa7000000, 0xa7000000)
  eden space 220928K, 0% used [0x91ac0000,0x91ac0000,0x9f280000)
  from space 49664K, 99% used [0xa3f80000,0xa6ffe750,0xa7000000)
  to   space 64256K, 0% used [0x9f280000,0x9f280000,0xa3140000)
 ParOldGen       total 139520K, used 126463K [0x67000000, 0x6f840000, 0x91ac0000)
  object space 139520K, 90% used [0x67000000,0x6eb7fcb8,0x6f840000)
 Metaspace       used 4230K, capacity 4262K, committed 4376K, reserved 4400K
}
Event: 7.044 GC heap before
{Heap before GC invocations=17 (full 3):
 PSYoungGen      total 270592K, used 49657K [0x91ac0000, 0xa7000000, 0xa7000000)
  eden space 220928K, 0% used [0x91ac0000,0x91ac0000,0x9f280000)
  from space 49664K, 99% used [0xa3f80000,0xa6ffe750,0xa7000000)
  to   space 64256K, 0% used [0x9f280000,0x9f280000,0xa3140000)
 ParOldGen       total 139520K, used 126463K [0x67000000, 0x6f840000, 0x91ac0000)
  object space 139520K, 90% used [0x67000000,0x6eb7fcb8,0x6f840000)
 Metaspace       used 4230K, capacity 4262K, committed 4376K, reserved 4400K

