# JRE version: Java(TM) SE Runtime Environment (8.0_66-b17) (build 1.8.0_66-b17)
# Java VM: Java HotSpot(TM) Server VM (25.66-b17 mixed mode linux-x86 )
Heap:
 PSYoungGen      total 288768K, used 7550K [0x91ac0000, 0xa7000000, 0xa7000000)
  eden space 251136K, 0% used [0x91ac0000,0x91ac0000,0xa1000000)
  from space 37632K, 20% used [0xa1000000,0xa175f818,0xa34c0000)
  to   space 53248K, 0% used [0xa3c00000,0xa3c00000,0xa7000000)
 ParOldGen       total 132352K, used 132204K [0x67000000, 0x6f140000, 0x91ac0000)
  object space 132352K, 99% used [0x67000000,0x6f11b010,0x6f140000)
 Metaspace       used 4284K, capacity 4326K, committed 4376K, reserved 4400K
GC Heap History (10 events):
Event: 2.756 GC heap after
Heap after GC invocations=9 (full 1):
 PSYoungGen      total 258816K, used 1518K [0x91ac0000, 0xa40c0000, 0xa7000000)
  eden space 241152K, 0% used [0x91ac0000,0x91ac0000,0xa0640000)
  from space 17664K, 8% used [0xa1f80000,0xa20fb9f0,0xa30c0000)
  to   space 25856K, 0% used [0xa0640000,0xa0640000,0xa1f80000)
 ParOldGen       total 77312K, used 42429K [0x67000000, 0x6bb80000, 0x91ac0000)
  object space 77312K, 54% used [0x67000000,0x6996f738,0x6bb80000)
 Metaspace       used 4121K, capacity 4166K, committed 4248K, reserved 4400K
}
Event: 3.653 GC heap before
{Heap before GC invocations=10 (full 1):
 PSYoungGen      total 258816K, used 242670K [0x91ac0000, 0xa40c0000, 0xa7000000)
  eden space 241152K, 100% used [0x91ac0000,0xa0640000,0xa0640000)
  from space 17664K, 8% used [0xa1f80000,0xa20fb9f0,0xa30c0000)
  to   space 25856K, 0% used [0xa0640000,0xa0640000,0xa1f80000)
 ParOldGen       total 77312K, used 42429K [0x67000000, 0x6bb80000, 0x91ac0000)
  object space 77312K, 54% used [0x67000000,0x6996f738,0x6bb80000)
 Metaspace       used 4215K, capacity 4230K, committed 4248K, reserved 4400K
Event: 3.715 GC heap after
Heap after GC invocations=10 (full 1):
 PSYoungGen      total 267008K, used 25845K [0x91ac0000, 0xa7000000, 0xa7000000)
  eden space 241152K, 0% used [0x91ac0000,0x91ac0000,0xa0640000)
  from space 25856K, 99% used [0xa0640000,0xa1f7d740,0xa1f80000)
  to   space 32512K, 0% used [0xa5040000,0xa5040000,0xa7000000)
 ParOldGen       total 77312K, used 46983K [0x67000000, 0x6bb80000, 0x91ac0000)
  object space 77312K, 60% used [0x67000000,0x69de1de8,0x6bb80000)
 Metaspace       used 4215K, capacity 4230K, committed 4248K, reserved 4400K
}
Event: 4.668 GC heap before
{Heap before GC invocations=11 (full 1):
 PSYoungGen      total 267008K, used 266997K [0x91ac0000, 0xa7000000, 0xa7000000)
  eden space 241152K, 100% used [0x91ac0000,0xa0640000,0xa0640000)
  from space 25856K, 99% used [0xa0640000,0xa1f7d740,0xa1f80000)
  to   space 32512K, 0% used [0xa5040000,0xa5040000,0xa7000000)
 ParOldGen       total 77312K, used 46983K [0x67000000, 0x6bb80000, 0x91ac0000)
  object space 77312K, 60% used [0x67000000,0x69de1de8,0x6bb80000)
 Metaspace       used 4276K, capacity 4294K, committed 4376K, reserved 4400K
Event: 4.786 GC heap after
Heap after GC invocations=11 (full 1):
 PSYoungGen      total 283648K, used 32500K [0x91ac0000, 0xa7000000, 0xa7000000)
  eden space 251136K, 0% used [0x91ac0000,0x91ac0000,0xa1000000)
  from space 32512K, 99% used [0xa5040000,0xa6ffd2c0,0xa7000000)
  to   space 49152K, 0% used [0xa1000000,0xa1000000,0xa4000000)
 ParOldGen       total 77312K, used 77223K [0x67000000, 0x6bb80000, 0x91ac0000)
  object space 77312K, 99% used [0x67000000,0x6bb69e80,0x6bb80000)
 Metaspace       used 4276K, capacity 4294K, committed 4376K, reserved 4400K
}
Event: 4.786 GC heap before
{Heap before GC invocations=12 (full 2):
 PSYoungGen      total 283648K, used 32500K [0x91ac0000, 0xa7000000, 0xa7000000)
  eden space 251136K, 0% used [0x91ac0000,0x91ac0000,0xa1000000)
  from space 32512K, 99% used [0xa5040000,0xa6ffd2c0,0xa7000000)
  to   space 49152K, 0% used [0xa1000000,0xa1000000,0xa4000000)
 ParOldGen       total 77312K, used 77223K [0x67000000, 0x6bb80000, 0x91ac0000)
  object space 77312K, 99% used [0x67000000,0x6bb69e80,0x6bb80000)
 Metaspace       used 4276K, capacity 4294K, committed 4376K, reserved 4400K
Event: 5.386 GC heap after
Heap after GC invocations=12 (full 2):
 PSYoungGen      total 283648K, used 27932K [0x91ac0000, 0xa7000000, 0xa7000000)
  eden space 251136K, 0% used [0x91ac0000,0x91ac0000,0xa1000000)
  from space 32512K, 85% used [0xa5040000,0xa6b87028,0xa7000000)
  to   space 49152K, 0% used [0xa1000000,0xa1000000,0xa4000000)
 ParOldGen       total 132352K, used 77310K [0x67000000, 0x6f140000, 0x91ac0000)
  object space 132352K, 58% used [0x67000000,0x6bb7f9e8,0x6f140000)
 Metaspace       used 4276K, capacity 4294K, committed 4376K, reserved 4400K
}
Event: 6.180 GC heap before
{Heap before GC invocations=13 (full 2):
 PSYoungGen      total 283648K, used 279068K [0x91ac0000, 0xa7000000, 0xa7000000)
  eden space 251136K, 100% used [0x91ac0000,0xa1000000,0xa1000000)
  from space 32512K, 85% used [0xa5040000,0xa6b87028,0xa7000000)
  to   space 49152K, 0% used [0xa1000000,0xa1000000,0xa4000000)
 ParOldGen       total 132352K, used 77310K [0x67000000, 0x6f140000, 0x91ac0000)
  object space 132352K, 58% used [0x67000000,0x6bb7fa00,0x6f140000)
 Metaspace       used 4284K, capacity 4326K, committed 4376K, reserved 4400K
Event: 6.274 GC heap after
Heap after GC invocations=13 (full 2):
 PSYoungGen      total 288768K, used 37416K [0x91ac0000, 0xa7000000, 0xa7000000)
  eden space 251136K, 0% used [0x91ac0000,0x91ac0000,0xa1000000)
  from space 37632K, 99% used [0xa1000000,0xa348a198,0xa34c0000)
  to   space 53248K, 0% used [0xa3c00000,0xa3c00000,0xa7000000)
 ParOldGen       total 132352K, used 105134K [0x67000000, 0x6f140000, 0x91ac0000)
  object space 132352K, 79% used [0x67000000,0x6d6ab930,0x6f140000)
 Metaspace       used 4284K, capacity 4326K, committed 4376K, reserved 4400K
}
Event: 6.274 GC heap before
{Heap before GC invocations=14 (full 3):
 PSYoungGen      total 288768K, used 37416K [0x91ac0000, 0xa7000000, 0xa7000000)
  eden space 251136K, 0% used [0x91ac0000,0x91ac0000,0xa1000000)
  from space 37632K, 99% used [0xa1000000,0xa348a198,0xa34c0000)
  to   space 53248K, 0% used [0xa3c00000,0xa3c00000,0xa7000000)
 ParOldGen       total 132352K, used 105134K [0x67000000, 0x6f140000, 0x91ac0000)
  object space 132352K, 79% used [0x67000000,0x6d6ab930,0x6f140000)
 Metaspace       used 4284K, capacity 4326K, committed 4376K, reserved 4400K

