# JRE version: Java(TM) SE Runtime Environment (8.0_31-b13) (build 1.8.0_31-b13)
# Java VM: Java HotSpot(TM) Server VM (25.31-b07 mixed mode linux-x86 )
Heap:
 PSYoungGen      total 141056K, used 15865K [0x91ac0000, 0x9b5c0000, 0xa7000000)
  eden space 125184K, 0% used [0x91ac0000,0x91ac0000,0x99500000)
  from space 15872K, 99% used [0x99500000,0x9a47e438,0x9a480000)
  to   space 14080K, 0% used [0x9a480000,0x9a480000,0x9b240000)
 ParOldGen       total 42496K, used 31418K [0x67000000, 0x69980000, 0x91ac0000)
  object space 42496K, 73% used [0x67000000,0x68eae9c8,0x69980000)
 Metaspace       used 4071K, capacity 4102K, committed 4120K, reserved 4400K
GC Heap History (10 events):
Event: 0.281 GC heap after
Heap after GC invocations=2 (full 0):
 PSYoungGen      total 34304K, used 1056K [0x91ac0000, 0x93ec0000, 0xa7000000)
  eden space 31744K, 0% used [0x91ac0000,0x91ac0000,0x939c0000)
  from space 2560K, 41% used [0x93c40000,0x93d48070,0x93ec0000)
  to   space 2560K, 0% used [0x939c0000,0x939c0000,0x93c40000)
 ParOldGen       total 42496K, used 8K [0x67000000, 0x69980000, 0x91ac0000)
  object space 42496K, 0% used [0x67000000,0x67002000,0x69980000)
 Metaspace       used 2265K, capacity 2366K, committed 2456K, reserved 4400K
}
Event: 0.852 GC heap before
{Heap before GC invocations=3 (full 0):
 PSYoungGen      total 34304K, used 32800K [0x91ac0000, 0x93ec0000, 0xa7000000)
  eden space 31744K, 100% used [0x91ac0000,0x939c0000,0x939c0000)
  from space 2560K, 41% used [0x93c40000,0x93d48070,0x93ec0000)
  to   space 2560K, 0% used [0x939c0000,0x939c0000,0x93c40000)
 ParOldGen       total 42496K, used 8K [0x67000000, 0x69980000, 0x91ac0000)
  object space 42496K, 0% used [0x67000000,0x67002000,0x69980000)
 Metaspace       used 3786K, capacity 3814K, committed 3864K, reserved 4400K
Event: 0.861 GC heap after
Heap after GC invocations=3 (full 0):
 PSYoungGen      total 34304K, used 2551K [0x91ac0000, 0x95dc0000, 0xa7000000)
  eden space 31744K, 0% used [0x91ac0000,0x91ac0000,0x939c0000)
  from space 2560K, 99% used [0x939c0000,0x93c3de48,0x93c40000)
  to   space 2560K, 0% used [0x95b40000,0x95b40000,0x95dc0000)
 ParOldGen       total 42496K, used 3996K [0x67000000, 0x69980000, 0x91ac0000)
  object space 42496K, 9% used [0x67000000,0x673e72a8,0x69980000)
 Metaspace       used 3786K, capacity 3814K, committed 3864K, reserved 4400K
}
Event: 1.165 GC heap before
{Heap before GC invocations=4 (full 0):
 PSYoungGen      total 34304K, used 34295K [0x91ac0000, 0x95dc0000, 0xa7000000)
  eden space 31744K, 100% used [0x91ac0000,0x939c0000,0x939c0000)
  from space 2560K, 99% used [0x939c0000,0x93c3de48,0x93c40000)
  to   space 2560K, 0% used [0x95b40000,0x95b40000,0x95dc0000)
 ParOldGen       total 42496K, used 3996K [0x67000000, 0x69980000, 0x91ac0000)
  object space 42496K, 9% used [0x67000000,0x673e72a8,0x69980000)
 Metaspace       used 3831K, capacity 3846K, committed 3864K, reserved 4400K
Event: 1.176 GC heap after
Heap after GC invocations=4 (full 0):
 PSYoungGen      total 66048K, used 2546K [0x91ac0000, 0x95dc0000, 0xa7000000)
  eden space 63488K, 0% used [0x91ac0000,0x91ac0000,0x958c0000)
  from space 2560K, 99% used [0x95b40000,0x95dbc9a0,0x95dc0000)
  to   space 2560K, 0% used [0x958c0000,0x958c0000,0x95b40000)
 ParOldGen       total 42496K, used 8581K [0x67000000, 0x69980000, 0x91ac0000)
  object space 42496K, 20% used [0x67000000,0x67861708,0x69980000)
 Metaspace       used 3831K, capacity 3846K, committed 3864K, reserved 4400K
}
Event: 1.531 GC heap before
{Heap before GC invocations=5 (full 0):
 PSYoungGen      total 66048K, used 66034K [0x91ac0000, 0x95dc0000, 0xa7000000)
  eden space 63488K, 100% used [0x91ac0000,0x958c0000,0x958c0000)
  from space 2560K, 99% used [0x95b40000,0x95dbc9a0,0x95dc0000)
  to   space 2560K, 0% used [0x958c0000,0x958c0000,0x95b40000)
 ParOldGen       total 42496K, used 8581K [0x67000000, 0x69980000, 0x91ac0000)
  object space 42496K, 20% used [0x67000000,0x67861708,0x69980000)
 Metaspace       used 3858K, capacity 3878K, committed 3992K, reserved 4400K
Event: 1.555 GC heap after
Heap after GC invocations=5 (full 0):
 PSYoungGen      total 66048K, used 2558K [0x91ac0000, 0x9b240000, 0xa7000000)
  eden space 63488K, 0% used [0x91ac0000,0x91ac0000,0x958c0000)
  from space 2560K, 99% used [0x958c0000,0x95b3f908,0x95b40000)
  to   space 14080K, 0% used [0x9a480000,0x9a480000,0x9b240000)
 ParOldGen       total 42496K, used 18485K [0x67000000, 0x69980000, 0x91ac0000)
  object space 42496K, 43% used [0x67000000,0x6820d7c8,0x69980000)
 Metaspace       used 3858K, capacity 3878K, committed 3992K, reserved 4400K
}
Event: 1.863 GC heap before
{Heap before GC invocations=6 (full 0):
 PSYoungGen      total 66048K, used 66046K [0x91ac0000, 0x9b240000, 0xa7000000)
  eden space 63488K, 100% used [0x91ac0000,0x958c0000,0x958c0000)
  from space 2560K, 99% used [0x958c0000,0x95b3f908,0x95b40000)
  to   space 14080K, 0% used [0x9a480000,0x9a480000,0x9b240000)
 ParOldGen       total 42496K, used 18485K [0x67000000, 0x69980000, 0x91ac0000)
  object space 42496K, 43% used [0x67000000,0x6820d7c8,0x69980000)
 Metaspace       used 3892K, capacity 3910K, committed 3992K, reserved 4400K
Event: 1.896 GC heap after
Heap after GC invocations=6 (full 0):
 PSYoungGen      total 139264K, used 11598K [0x91ac0000, 0x9b5c0000, 0xa7000000)
  eden space 125184K, 0% used [0x91ac0000,0x91ac0000,0x99500000)
  from space 14080K, 82% used [0x9a480000,0x9afd3a98,0x9b240000)
  to   space 15872K, 0% used [0x99500000,0x99500000,0x9a480000)
 ParOldGen       total 42496K, used 18489K [0x67000000, 0x69980000, 0x91ac0000)
  object space 42496K, 43% used [0x67000000,0x6820e7c8,0x69980000)
 Metaspace       used 3892K, capacity 3910K, committed 3992K, reserved 4400K
}
Event: 2.546 GC heap before
{Heap before GC invocations=7 (full 0):
 PSYoungGen      total 139264K, used 136782K [0x91ac0000, 0x9b5c0000, 0xa7000000)
  eden space 125184K, 100% used [0x91ac0000,0x99500000,0x99500000)
  from space 14080K, 82% used [0x9a480000,0x9afd3a98,0x9b240000)
  to   space 15872K, 0% used [0x99500000,0x99500000,0x9a480000)
 ParOldGen       total 42496K, used 18489K [0x67000000, 0x69980000, 0x91ac0000)
  object space 42496K, 43% used [0x67000000,0x6820e7c8,0x69980000)
 Metaspace       used 4071K, capacity 4102K, committed 4120K, reserved 4400K

