# JRE version: Java(TM) SE Runtime Environment (8.0_31-b13) (build 1.8.0_31-b13)
# Java VM: Java HotSpot(TM) Server VM (25.31-b07 mixed mode linux-x86 )
Heap:
 PSYoungGen      total 271104K, used 26257K [0x91ac0000, 0xa5080000, 0xa7000000)
  eden space 236288K, 0% used [0x91ac0000,0x91ac0000,0xa0180000)
  from space 34816K, 75% used [0xa2700000,0xa40a4730,0xa4900000)
  to   space 38400K, 0% used [0xa0180000,0xa0180000,0xa2700000)
 ParOldGen       total 84992K, used 84958K [0x67000000, 0x6c300000, 0x91ac0000)
  object space 84992K, 99% used [0x67000000,0x6c2f7be8,0x6c300000)
 Metaspace       used 4213K, capacity 4262K, committed 4376K, reserved 4400K
GC Heap History (10 events):
Event: 3.681 GC heap after
Heap after GC invocations=9 (full 0):
 PSYoungGen      total 138752K, used 19703K [0x91ac0000, 0xa0b40000, 0xa7000000)
  eden space 119040K, 0% used [0x91ac0000,0x91ac0000,0x98f00000)
  from space 19712K, 99% used [0x98f00000,0x9a23dc60,0x9a240000)
  to   space 27904K, 0% used [0x9f000000,0x9f000000,0xa0b40000)
 ParOldGen       total 42496K, used 30098K [0x67000000, 0x69980000, 0x91ac0000)
  object space 42496K, 70% used [0x67000000,0x68d64b20,0x69980000)
 Metaspace       used 4108K, capacity 4134K, committed 4248K, reserved 4400K
}
Event: 4.360 GC heap before
{Heap before GC invocations=10 (full 0):
 PSYoungGen      total 138752K, used 138743K [0x91ac0000, 0xa0b40000, 0xa7000000)
  eden space 119040K, 100% used [0x91ac0000,0x98f00000,0x98f00000)
  from space 19712K, 99% used [0x98f00000,0x9a23dc60,0x9a240000)
  to   space 27904K, 0% used [0x9f000000,0x9f000000,0xa0b40000)
 ParOldGen       total 42496K, used 30098K [0x67000000, 0x69980000, 0x91ac0000)
  object space 42496K, 70% used [0x67000000,0x68d64b20,0x69980000)
 Metaspace       used 4152K, capacity 4198K, committed 4248K, reserved 4400K
Event: 4.433 GC heap after
Heap after GC invocations=10 (full 0):
 PSYoungGen      total 214016K, used 26408K [0x91ac0000, 0xa13c0000, 0xa7000000)
  eden space 186112K, 0% used [0x91ac0000,0x91ac0000,0x9d080000)
  from space 27904K, 94% used [0x9f000000,0xa09ca030,0xa0b40000)
  to   space 32256K, 0% used [0x9d080000,0x9d080000,0x9f000000)
 ParOldGen       total 42496K, used 39758K [0x67000000, 0x69980000, 0x91ac0000)
  object space 42496K, 93% used [0x67000000,0x696d3b98,0x69980000)
 Metaspace       used 4152K, capacity 4198K, committed 4248K, reserved 4400K
}
Event: 4.433 GC heap before
{Heap before GC invocations=11 (full 1):
 PSYoungGen      total 214016K, used 26408K [0x91ac0000, 0xa13c0000, 0xa7000000)
  eden space 186112K, 0% used [0x91ac0000,0x91ac0000,0x9d080000)
  from space 27904K, 94% used [0x9f000000,0xa09ca030,0xa0b40000)
  to   space 32256K, 0% used [0x9d080000,0x9d080000,0x9f000000)
 ParOldGen       total 42496K, used 39758K [0x67000000, 0x69980000, 0x91ac0000)
  object space 42496K, 93% used [0x67000000,0x696d3b98,0x69980000)
 Metaspace       used 4152K, capacity 4198K, committed 4248K, reserved 4400K
Event: 4.864 GC heap after
Heap after GC invocations=11 (full 1):
 PSYoungGen      total 214016K, used 20039K [0x91ac0000, 0xa13c0000, 0xa7000000)
  eden space 186112K, 0% used [0x91ac0000,0x91ac0000,0x9d080000)
  from space 27904K, 71% used [0x9f000000,0xa0391df0,0xa0b40000)
  to   space 32256K, 0% used [0x9d080000,0x9d080000,0x9f000000)
 ParOldGen       total 78592K, used 42400K [0x67000000, 0x6bcc0000, 0x91ac0000)
  object space 78592K, 53% used [0x67000000,0x69968118,0x6bcc0000)
 Metaspace       used 4152K, capacity 4198K, committed 4248K, reserved 4400K
}
Event: 5.745 GC heap before
{Heap before GC invocations=12 (full 1):
 PSYoungGen      total 214016K, used 206151K [0x91ac0000, 0xa13c0000, 0xa7000000)
  eden space 186112K, 100% used [0x91ac0000,0x9d080000,0x9d080000)
  from space 27904K, 71% used [0x9f000000,0xa0391df0,0xa0b40000)
  to   space 32256K, 0% used [0x9d080000,0x9d080000,0x9f000000)
 ParOldGen       total 78592K, used 42400K [0x67000000, 0x6bcc0000, 0x91ac0000)
  object space 78592K, 53% used [0x67000000,0x69968118,0x6bcc0000)
 Metaspace       used 4201K, capacity 4230K, committed 4248K, reserved 4400K
Event: 5.861 GC heap after
Heap after GC invocations=12 (full 1):
 PSYoungGen      total 218368K, used 24314K [0x91ac0000, 0xa4900000, 0xa7000000)
  eden space 186112K, 0% used [0x91ac0000,0x91ac0000,0x9d080000)
  from space 32256K, 75% used [0x9d080000,0x9e83e860,0x9f000000)
  to   space 34816K, 0% used [0xa2700000,0xa2700000,0xa4900000)
 ParOldGen       total 78592K, used 61505K [0x67000000, 0x6bcc0000, 0x91ac0000)
  object space 78592K, 78% used [0x67000000,0x6ac106b8,0x6bcc0000)
 Metaspace       used 4201K, capacity 4230K, committed 4248K, reserved 4400K
}
Event: 7.130 GC heap before
{Heap before GC invocations=13 (full 1):
 PSYoungGen      total 218368K, used 210426K [0x91ac0000, 0xa4900000, 0xa7000000)
  eden space 186112K, 100% used [0x91ac0000,0x9d080000,0x9d080000)
  from space 32256K, 75% used [0x9d080000,0x9e83e860,0x9f000000)
  to   space 34816K, 0% used [0xa2700000,0xa2700000,0xa4900000)
 ParOldGen       total 78592K, used 61505K [0x67000000, 0x6bcc0000, 0x91ac0000)
  object space 78592K, 78% used [0x67000000,0x6ac106b8,0x6bcc0000)
 Metaspace       used 4213K, capacity 4262K, committed 4376K, reserved 4400K
Event: 7.249 GC heap after
Heap after GC invocations=13 (full 1):
 PSYoungGen      total 271104K, used 28860K [0x91ac0000, 0xa5080000, 0xa7000000)
  eden space 236288K, 0% used [0x91ac0000,0x91ac0000,0xa0180000)
  from space 34816K, 82% used [0xa2700000,0xa432f0e8,0xa4900000)
  to   space 38400K, 0% used [0xa0180000,0xa0180000,0xa2700000)
 ParOldGen       total 84992K, used 84495K [0x67000000, 0x6c300000, 0x91ac0000)
  object space 84992K, 99% used [0x67000000,0x6c283fd0,0x6c300000)
 Metaspace       used 4213K, capacity 4262K, committed 4376K, reserved 4400K
}
Event: 7.249 GC heap before
{Heap before GC invocations=14 (full 2):
 PSYoungGen      total 271104K, used 28860K [0x91ac0000, 0xa5080000, 0xa7000000)
  eden space 236288K, 0% used [0x91ac0000,0x91ac0000,0xa0180000)
  from space 34816K, 82% used [0xa2700000,0xa432f0e8,0xa4900000)
  to   space 38400K, 0% used [0xa0180000,0xa0180000,0xa2700000)
 ParOldGen       total 84992K, used 84495K [0x67000000, 0x6c300000, 0x91ac0000)
  object space 84992K, 99% used [0x67000000,0x6c283fd0,0x6c300000)
 Metaspace       used 4213K, capacity 4262K, committed 4376K, reserved 4400K

