# JRE version: Java(TM) SE Runtime Environment (8.0_31-b13) (build 1.8.0_31-b13)
# Java VM: Java HotSpot(TM) Server VM (25.31-b07 mixed mode linux-x86 )
Heap:
 PSYoungGen      total 141056K, used 16124K [0x91cc0000, 0x9b840000, 0xa7200000)
  eden space 124928K, 0% used [0x91cc0000,0x91cc0000,0x996c0000)
  from space 16128K, 99% used [0x996c0000,0x9a67f398,0x9a680000)
  to   space 14080K, 0% used [0x9a680000,0x9a680000,0x9b440000)
 ParOldGen       total 42496K, used 32153K [0x67200000, 0x69b80000, 0x91cc0000)
  object space 42496K, 75% used [0x67200000,0x69166438,0x69b80000)
 Metaspace       used 4105K, capacity 4134K, committed 4248K, reserved 4400K
GC Heap History (10 events):
Event: 0.440 GC heap after
Heap after GC invocations=2 (full 0):
 PSYoungGen      total 34304K, used 1056K [0x91cc0000, 0x940c0000, 0xa7200000)
  eden space 31744K, 0% used [0x91cc0000,0x91cc0000,0x93bc0000)
  from space 2560K, 41% used [0x93e40000,0x93f48050,0x940c0000)
  to   space 2560K, 0% used [0x93bc0000,0x93bc0000,0x93e40000)
 ParOldGen       total 42496K, used 8K [0x67200000, 0x69b80000, 0x91cc0000)
  object space 42496K, 0% used [0x67200000,0x67202000,0x69b80000)
 Metaspace       used 2265K, capacity 2366K, committed 2456K, reserved 4400K
}
Event: 1.481 GC heap before
{Heap before GC invocations=3 (full 0):
 PSYoungGen      total 34304K, used 32800K [0x91cc0000, 0x940c0000, 0xa7200000)
  eden space 31744K, 100% used [0x91cc0000,0x93bc0000,0x93bc0000)
  from space 2560K, 41% used [0x93e40000,0x93f48050,0x940c0000)
  to   space 2560K, 0% used [0x93bc0000,0x93bc0000,0x93e40000)
 ParOldGen       total 42496K, used 8K [0x67200000, 0x69b80000, 0x91cc0000)
  object space 42496K, 0% used [0x67200000,0x67202000,0x69b80000)
 Metaspace       used 3787K, capacity 3814K, committed 3864K, reserved 4400K
Event: 1.505 GC heap after
Heap after GC invocations=3 (full 0):
 PSYoungGen      total 34304K, used 2545K [0x91cc0000, 0x95fc0000, 0xa7200000)
  eden space 31744K, 0% used [0x91cc0000,0x91cc0000,0x93bc0000)
  from space 2560K, 99% used [0x93bc0000,0x93e3c7f8,0x93e40000)
  to   space 2560K, 0% used [0x95d40000,0x95d40000,0x95fc0000)
 ParOldGen       total 42496K, used 4077K [0x67200000, 0x69b80000, 0x91cc0000)
  object space 42496K, 9% used [0x67200000,0x675fb5c8,0x69b80000)
 Metaspace       used 3787K, capacity 3814K, committed 3864K, reserved 4400K
}
Event: 2.116 GC heap before
{Heap before GC invocations=4 (full 0):
 PSYoungGen      total 34304K, used 34289K [0x91cc0000, 0x95fc0000, 0xa7200000)
  eden space 31744K, 100% used [0x91cc0000,0x93bc0000,0x93bc0000)
  from space 2560K, 99% used [0x93bc0000,0x93e3c7f8,0x93e40000)
  to   space 2560K, 0% used [0x95d40000,0x95d40000,0x95fc0000)
 ParOldGen       total 42496K, used 4077K [0x67200000, 0x69b80000, 0x91cc0000)
  object space 42496K, 9% used [0x67200000,0x675fb5c8,0x69b80000)
 Metaspace       used 3829K, capacity 3846K, committed 3864K, reserved 4400K
Event: 2.147 GC heap after
Heap after GC invocations=4 (full 0):
 PSYoungGen      total 66048K, used 2555K [0x91cc0000, 0x95fc0000, 0xa7200000)
  eden space 63488K, 0% used [0x91cc0000,0x91cc0000,0x95ac0000)
  from space 2560K, 99% used [0x95d40000,0x95fbed88,0x95fc0000)
  to   space 2560K, 0% used [0x95ac0000,0x95ac0000,0x95d40000)
 ParOldGen       total 42496K, used 8749K [0x67200000, 0x69b80000, 0x91cc0000)
  object space 42496K, 20% used [0x67200000,0x67a8b4c8,0x69b80000)
 Metaspace       used 3829K, capacity 3846K, committed 3864K, reserved 4400K
}
Event: 2.848 GC heap before
{Heap before GC invocations=5 (full 0):
 PSYoungGen      total 66048K, used 66043K [0x91cc0000, 0x95fc0000, 0xa7200000)
  eden space 63488K, 100% used [0x91cc0000,0x95ac0000,0x95ac0000)
  from space 2560K, 99% used [0x95d40000,0x95fbed88,0x95fc0000)
  to   space 2560K, 0% used [0x95ac0000,0x95ac0000,0x95d40000)
 ParOldGen       total 42496K, used 8749K [0x67200000, 0x69b80000, 0x91cc0000)
  object space 42496K, 20% used [0x67200000,0x67a8b4c8,0x69b80000)
 Metaspace       used 3903K, capacity 3942K, committed 3992K, reserved 4400K
Event: 2.904 GC heap after
Heap after GC invocations=5 (full 0):
 PSYoungGen      total 66048K, used 2559K [0x91cc0000, 0x9b440000, 0xa7200000)
  eden space 63488K, 0% used [0x91cc0000,0x91cc0000,0x95ac0000)
  from space 2560K, 99% used [0x95ac0000,0x95d3ffa0,0x95d40000)
  to   space 14080K, 0% used [0x9a680000,0x9a680000,0x9b440000)
 ParOldGen       total 42496K, used 18586K [0x67200000, 0x69b80000, 0x91cc0000)
  object space 42496K, 43% used [0x67200000,0x68426bd0,0x69b80000)
 Metaspace       used 3903K, capacity 3942K, committed 3992K, reserved 4400K
}
Event: 3.405 GC heap before
{Heap before GC invocations=6 (full 0):
 PSYoungGen      total 66048K, used 66047K [0x91cc0000, 0x9b440000, 0xa7200000)
  eden space 63488K, 100% used [0x91cc0000,0x95ac0000,0x95ac0000)
  from space 2560K, 99% used [0x95ac0000,0x95d3ffa0,0x95d40000)
  to   space 14080K, 0% used [0x9a680000,0x9a680000,0x9b440000)
 ParOldGen       total 42496K, used 18586K [0x67200000, 0x69b80000, 0x91cc0000)
  object space 42496K, 43% used [0x67200000,0x68426bd0,0x69b80000)
 Metaspace       used 3933K, capacity 3974K, committed 3992K, reserved 4400K
Event: 3.469 GC heap after
Heap after GC invocations=6 (full 0):
 PSYoungGen      total 139008K, used 11757K [0x91cc0000, 0x9b840000, 0xa7200000)
  eden space 124928K, 0% used [0x91cc0000,0x91cc0000,0x996c0000)
  from space 14080K, 83% used [0x9a680000,0x9b1fb668,0x9b440000)
  to   space 16128K, 0% used [0x996c0000,0x996c0000,0x9a680000)
 ParOldGen       total 42496K, used 18590K [0x67200000, 0x69b80000, 0x91cc0000)
  object space 42496K, 43% used [0x67200000,0x68427bd0,0x69b80000)
 Metaspace       used 3933K, capacity 3974K, committed 3992K, reserved 4400K
}
Event: 4.644 GC heap before
{Heap before GC invocations=7 (full 0):
 PSYoungGen      total 139008K, used 136685K [0x91cc0000, 0x9b840000, 0xa7200000)
  eden space 124928K, 100% used [0x91cc0000,0x996c0000,0x996c0000)
  from space 14080K, 83% used [0x9a680000,0x9b1fb668,0x9b440000)
  to   space 16128K, 0% used [0x996c0000,0x996c0000,0x9a680000)
 ParOldGen       total 42496K, used 18590K [0x67200000, 0x69b80000, 0x91cc0000)
  object space 42496K, 43% used [0x67200000,0x68427bd0,0x69b80000)
 Metaspace       used 4105K, capacity 4134K, committed 4248K, reserved 4400K

