# JRE version: Java(TM) SE Runtime Environment (8.0_31-b13) (build 1.8.0_31-b13)
# Java VM: Java HotSpot(TM) Server VM (25.31-b07 mixed mode linux-x86 )
Heap:
 PSYoungGen      total 140544K, used 20476K [0x91ac0000, 0x9bcc0000, 0xa7000000)
  eden space 120064K, 0% used [0x91ac0000,0x91ac0000,0x99000000)
  from space 20480K, 99% used [0x99000000,0x9a3ff230,0x9a400000)
  to   space 15616K, 0% used [0x9a400000,0x9a400000,0x9b340000)
 ParOldGen       total 42496K, used 36829K [0x67000000, 0x69980000, 0x91ac0000)
  object space 42496K, 86% used [0x67000000,0x693f7550,0x69980000)
 Metaspace       used 4114K, capacity 4134K, committed 4248K, reserved 4400K
GC Heap History (10 events):
Event: 4.960 GC heap after
Heap after GC invocations=4 (full 0):
 PSYoungGen      total 34304K, used 2551K [0x91ac0000, 0x93ec0000, 0xa7000000)
  eden space 31744K, 0% used [0x91ac0000,0x91ac0000,0x939c0000)
  from space 2560K, 99% used [0x93c40000,0x93ebdcc0,0x93ec0000)
  to   space 2560K, 0% used [0x939c0000,0x939c0000,0x93c40000)
 ParOldGen       total 42496K, used 7361K [0x67000000, 0x69980000, 0x91ac0000)
  object space 42496K, 17% used [0x67000000,0x67730400,0x69980000)
 Metaspace       used 3798K, capacity 3846K, committed 3864K, reserved 4400K
}
Event: 5.589 GC heap before
{Heap before GC invocations=5 (full 0):
 PSYoungGen      total 34304K, used 34295K [0x91ac0000, 0x93ec0000, 0xa7000000)
  eden space 31744K, 100% used [0x91ac0000,0x939c0000,0x939c0000)
  from space 2560K, 99% used [0x93c40000,0x93ebdcc0,0x93ec0000)
  to   space 2560K, 0% used [0x939c0000,0x939c0000,0x93c40000)
 ParOldGen       total 42496K, used 7361K [0x67000000, 0x69980000, 0x91ac0000)
  object space 42496K, 17% used [0x67000000,0x67730400,0x69980000)
 Metaspace       used 3818K, capacity 3846K, committed 3864K, reserved 4400K
Event: 5.636 GC heap after
Heap after GC invocations=5 (full 0):
 PSYoungGen      total 34304K, used 2553K [0x91ac0000, 0x96bc0000, 0xa7000000)
  eden space 31744K, 0% used [0x91ac0000,0x91ac0000,0x939c0000)
  from space 2560K, 99% used [0x939c0000,0x93c3e598,0x93c40000)
  to   space 9728K, 0% used [0x96240000,0x96240000,0x96bc0000)
 ParOldGen       total 42496K, used 13376K [0x67000000, 0x69980000, 0x91ac0000)
  object space 42496K, 31% used [0x67000000,0x67d10268,0x69980000)
 Metaspace       used 3818K, capacity 3846K, committed 3864K, reserved 4400K
}
Event: 6.131 GC heap before
{Heap before GC invocations=6 (full 0):
 PSYoungGen      total 34304K, used 34297K [0x91ac0000, 0x96bc0000, 0xa7000000)
  eden space 31744K, 100% used [0x91ac0000,0x939c0000,0x939c0000)
  from space 2560K, 99% used [0x939c0000,0x93c3e598,0x93c40000)
  to   space 9728K, 0% used [0x96240000,0x96240000,0x96bc0000)
 ParOldGen       total 42496K, used 13376K [0x67000000, 0x69980000, 0x91ac0000)
  object space 42496K, 31% used [0x67000000,0x67d10268,0x69980000)
 Metaspace       used 3843K, capacity 3878K, committed 3992K, reserved 4400K
Event: 6.217 GC heap after
Heap after GC invocations=6 (full 0):
 PSYoungGen      total 72192K, used 7891K [0x91ac0000, 0x96dc0000, 0xa7000000)
  eden space 62464K, 0% used [0x91ac0000,0x91ac0000,0x957c0000)
  from space 9728K, 81% used [0x96240000,0x969f4fb0,0x96bc0000)
  to   space 10752K, 0% used [0x957c0000,0x957c0000,0x96240000)
 ParOldGen       total 42496K, used 13376K [0x67000000, 0x69980000, 0x91ac0000)
  object space 42496K, 31% used [0x67000000,0x67d10268,0x69980000)
 Metaspace       used 3843K, capacity 3878K, committed 3992K, reserved 4400K
}
Event: 7.075 GC heap before
{Heap before GC invocations=7 (full 0):
 PSYoungGen      total 72192K, used 70355K [0x91ac0000, 0x96dc0000, 0xa7000000)
  eden space 62464K, 100% used [0x91ac0000,0x957c0000,0x957c0000)
  from space 9728K, 81% used [0x96240000,0x969f4fb0,0x96bc0000)
  to   space 10752K, 0% used [0x957c0000,0x957c0000,0x96240000)
 ParOldGen       total 42496K, used 13376K [0x67000000, 0x69980000, 0x91ac0000)
  object space 42496K, 31% used [0x67000000,0x67d10268,0x69980000)
 Metaspace       used 3887K, capacity 3910K, committed 3992K, reserved 4400K
Event: 7.170 GC heap after
Heap after GC invocations=7 (full 0):
 PSYoungGen      total 73216K, used 10741K [0x91ac0000, 0x9b340000, 0xa7000000)
  eden space 62464K, 0% used [0x91ac0000,0x91ac0000,0x957c0000)
  from space 10752K, 99% used [0x957c0000,0x9623d640,0x96240000)
  to   space 15616K, 0% used [0x9a400000,0x9a400000,0x9b340000)
 ParOldGen       total 42496K, used 19666K [0x67000000, 0x69980000, 0x91ac0000)
  object space 42496K, 46% used [0x67000000,0x68334838,0x69980000)
 Metaspace       used 3887K, capacity 3910K, committed 3992K, reserved 4400K
}
Event: 7.632 GC heap before
{Heap before GC invocations=8 (full 0):
 PSYoungGen      total 73216K, used 73205K [0x91ac0000, 0x9b340000, 0xa7000000)
  eden space 62464K, 100% used [0x91ac0000,0x957c0000,0x957c0000)
  from space 10752K, 99% used [0x957c0000,0x9623d640,0x96240000)
  to   space 15616K, 0% used [0x9a400000,0x9a400000,0x9b340000)
 ParOldGen       total 42496K, used 19666K [0x67000000, 0x69980000, 0x91ac0000)
  object space 42496K, 46% used [0x67000000,0x68334838,0x69980000)
 Metaspace       used 3911K, capacity 3942K, committed 3992K, reserved 4400K
Event: 7.692 GC heap after
Heap after GC invocations=8 (full 0):
 PSYoungGen      total 135680K, used 15608K [0x91ac0000, 0x9bcc0000, 0xa7000000)
  eden space 120064K, 0% used [0x91ac0000,0x91ac0000,0x99000000)
  from space 15616K, 99% used [0x9a400000,0x9b33e2f8,0x9b340000)
  to   space 20480K, 0% used [0x99000000,0x99000000,0x9a400000)
 ParOldGen       total 42496K, used 24420K [0x67000000, 0x69980000, 0x91ac0000)
  object space 42496K, 57% used [0x67000000,0x687d9328,0x69980000)
 Metaspace       used 3911K, capacity 3942K, committed 3992K, reserved 4400K
}
Event: 8.355 GC heap before
{Heap before GC invocations=9 (full 0):
 PSYoungGen      total 135680K, used 135672K [0x91ac0000, 0x9bcc0000, 0xa7000000)
  eden space 120064K, 100% used [0x91ac0000,0x99000000,0x99000000)
  from space 15616K, 99% used [0x9a400000,0x9b33e2f8,0x9b340000)
  to   space 20480K, 0% used [0x99000000,0x99000000,0x9a400000)
 ParOldGen       total 42496K, used 24420K [0x67000000, 0x69980000, 0x91ac0000)
  object space 42496K, 57% used [0x67000000,0x687d9328,0x69980000)
 Metaspace       used 4114K, capacity 4134K, committed 4248K, reserved 4400K

