# JRE version: Java(TM) SE Runtime Environment (8.0_31-b13) (build 1.8.0_31-b13)
# Java VM: Java HotSpot(TM) Server VM (25.31-b07 mixed mode linux-x86 )
Heap:
 PSYoungGen      total 273664K, used 10604K [0x91ac0000, 0xa7000000, 0xa7000000)
  eden space 237312K, 0% used [0x91ac0000,0x91ac0000,0xa0280000)
  from space 36352K, 29% used [0xa0280000,0xa0cdb2e0,0xa2600000)
  to   space 58624K, 0% used [0xa36c0000,0xa36c0000,0xa7000000)
 ParOldGen       total 140800K, used 140589K [0x67000000, 0x6f980000, 0x91ac0000)
  object space 140800K, 99% used [0x67000000,0x6f94b740,0x6f980000)
 Metaspace       used 4212K, capacity 4262K, committed 4376K, reserved 4400K
GC Heap History (10 events):
Event: 4.207 GC heap after
Heap after GC invocations=9 (full 1):
 PSYoungGen      total 216576K, used 19392K [0x91ac0000, 0xa3b00000, 0xa7000000)
  eden space 197120K, 0% used [0x91ac0000,0x91ac0000,0x9db40000)
  from space 19456K, 99% used [0xa2800000,0xa3af0090,0xa3b00000)
  to   space 28416K, 0% used [0xa0380000,0xa0380000,0xa1f40000)
 ParOldGen       total 78592K, used 42299K [0x67000000, 0x6bcc0000, 0x91ac0000)
  object space 78592K, 53% used [0x67000000,0x6994ef40,0x6bcc0000)
 Metaspace       used 4108K, capacity 4134K, committed 4248K, reserved 4400K
}
Event: 4.970 GC heap before
{Heap before GC invocations=10 (full 1):
 PSYoungGen      total 216576K, used 216512K [0x91ac0000, 0xa3b00000, 0xa7000000)
  eden space 197120K, 100% used [0x91ac0000,0x9db40000,0x9db40000)
  from space 19456K, 99% used [0xa2800000,0xa3af0090,0xa3b00000)
  to   space 28416K, 0% used [0xa0380000,0xa0380000,0xa1f40000)
 ParOldGen       total 78592K, used 42299K [0x67000000, 0x6bcc0000, 0x91ac0000)
  object space 78592K, 53% used [0x67000000,0x6994ef40,0x6bcc0000)
 Metaspace       used 4187K, capacity 4198K, committed 4248K, reserved 4400K
Event: 5.069 GC heap after
Heap after GC invocations=10 (full 1):
 PSYoungGen      total 266752K, used 28407K [0x91ac0000, 0xa6c80000, 0xa7000000)
  eden space 238336K, 0% used [0x91ac0000,0x91ac0000,0xa0380000)
  from space 28416K, 99% used [0xa0380000,0xa1f3dd00,0xa1f40000)
  to   space 40192K, 0% used [0xa4540000,0xa4540000,0xa6c80000)
 ParOldGen       total 78592K, used 58321K [0x67000000, 0x6bcc0000, 0x91ac0000)
  object space 78592K, 74% used [0x67000000,0x6a8f4580,0x6bcc0000)
 Metaspace       used 4187K, capacity 4198K, committed 4248K, reserved 4400K
}
Event: 6.186 GC heap before
{Heap before GC invocations=11 (full 1):
 PSYoungGen      total 266752K, used 266743K [0x91ac0000, 0xa6c80000, 0xa7000000)
  eden space 238336K, 100% used [0x91ac0000,0xa0380000,0xa0380000)
  from space 28416K, 99% used [0xa0380000,0xa1f3dd00,0xa1f40000)
  to   space 40192K, 0% used [0xa4540000,0xa4540000,0xa6c80000)
 ParOldGen       total 78592K, used 58321K [0x67000000, 0x6bcc0000, 0x91ac0000)
  object space 78592K, 74% used [0x67000000,0x6a8f4580,0x6bcc0000)
 Metaspace       used 4204K, capacity 4230K, committed 4248K, reserved 4400K
Event: 6.314 GC heap after
Heap after GC invocations=11 (full 1):
 PSYoungGen      total 277504K, used 40179K [0x91ac0000, 0xa7000000, 0xa7000000)
  eden space 237312K, 0% used [0x91ac0000,0x91ac0000,0xa0280000)
  from space 40192K, 99% used [0xa4540000,0xa6c7cc50,0xa6c80000)
  to   space 56064K, 0% used [0xa0280000,0xa0280000,0xa3940000)
 ParOldGen       total 82944K, used 82909K [0x67000000, 0x6c100000, 0x91ac0000)
  object space 82944K, 99% used [0x67000000,0x6c0f7418,0x6c100000)
 Metaspace       used 4204K, capacity 4230K, committed 4248K, reserved 4400K
}
Event: 6.314 GC heap before
{Heap before GC invocations=12 (full 2):
 PSYoungGen      total 277504K, used 40179K [0x91ac0000, 0xa7000000, 0xa7000000)
  eden space 237312K, 0% used [0x91ac0000,0x91ac0000,0xa0280000)
  from space 40192K, 99% used [0xa4540000,0xa6c7cc50,0xa6c80000)
  to   space 56064K, 0% used [0xa0280000,0xa0280000,0xa3940000)
 ParOldGen       total 82944K, used 82909K [0x67000000, 0x6c100000, 0x91ac0000)
  object space 82944K, 99% used [0x67000000,0x6c0f7418,0x6c100000)
 Metaspace       used 4204K, capacity 4230K, committed 4248K, reserved 4400K
Event: 7.051 GC heap after
Heap after GC invocations=12 (full 2):
 PSYoungGen      total 277504K, used 35615K [0x91ac0000, 0xa7000000, 0xa7000000)
  eden space 237312K, 0% used [0x91ac0000,0x91ac0000,0xa0280000)
  from space 40192K, 88% used [0xa4540000,0xa6807da0,0xa6c80000)
  to   space 56064K, 0% used [0xa0280000,0xa0280000,0xa3940000)
 ParOldGen       total 140800K, used 82763K [0x67000000, 0x6f980000, 0x91ac0000)
  object space 140800K, 58% used [0x67000000,0x6c0d2dd0,0x6f980000)
 Metaspace       used 4204K, capacity 4230K, committed 4248K, reserved 4400K
}
Event: 8.046 GC heap before
{Heap before GC invocations=13 (full 2):
 PSYoungGen      total 277504K, used 272927K [0x91ac0000, 0xa7000000, 0xa7000000)
  eden space 237312K, 100% used [0x91ac0000,0xa0280000,0xa0280000)
  from space 40192K, 88% used [0xa4540000,0xa6807da0,0xa6c80000)
  to   space 56064K, 0% used [0xa0280000,0xa0280000,0xa3940000)
 ParOldGen       total 140800K, used 82763K [0x67000000, 0x6f980000, 0x91ac0000)
  object space 140800K, 58% used [0x67000000,0x6c0d2dd0,0x6f980000)
 Metaspace       used 4212K, capacity 4262K, committed 4376K, reserved 4400K
Event: 8.164 GC heap after
Heap after GC invocations=13 (full 2):
 PSYoungGen      total 273664K, used 36158K [0x91ac0000, 0xa7000000, 0xa7000000)
  eden space 237312K, 0% used [0x91ac0000,0x91ac0000,0xa0280000)
  from space 36352K, 99% used [0xa0280000,0xa25cfbe8,0xa2600000)
  to   space 58624K, 0% used [0xa36c0000,0xa36c0000,0xa7000000)
 ParOldGen       total 140800K, used 118215K [0x67000000, 0x6f980000, 0x91ac0000)
  object space 140800K, 83% used [0x67000000,0x6e371e98,0x6f980000)
 Metaspace       used 4212K, capacity 4262K, committed 4376K, reserved 4400K
}
Event: 8.164 GC heap before
{Heap before GC invocations=14 (full 3):
 PSYoungGen      total 273664K, used 36158K [0x91ac0000, 0xa7000000, 0xa7000000)
  eden space 237312K, 0% used [0x91ac0000,0x91ac0000,0xa0280000)
  from space 36352K, 99% used [0xa0280000,0xa25cfbe8,0xa2600000)
  to   space 58624K, 0% used [0xa36c0000,0xa36c0000,0xa7000000)
 ParOldGen       total 140800K, used 118215K [0x67000000, 0x6f980000, 0x91ac0000)
  object space 140800K, 83% used [0x67000000,0x6e371e98,0x6f980000)
 Metaspace       used 4212K, capacity 4262K, committed 4376K, reserved 4400K

