# JRE version: Java(TM) SE Runtime Environment (8.0_66-b17) (build 1.8.0_66-b17)
# Java VM: Java HotSpot(TM) Server VM (25.66-b17 mixed mode linux-x86 )
Heap:
 PSYoungGen      total 284160K, used 36993K [0x91ac0000, 0xa56c0000, 0xa7000000)
  eden space 246528K, 0% used [0x91ac0000,0x91ac0000,0xa0b80000)
  from space 37632K, 98% used [0xa0b80000,0xa2fa0650,0xa3040000)
  to   space 34304K, 0% used [0xa3040000,0xa3040000,0xa51c0000)
 ParOldGen       total 142848K, used 106741K [0x67000000, 0x6fb80000, 0x91ac0000)
  object space 142848K, 74% used [0x67000000,0x6d83d6e8,0x6fb80000)
 Metaspace       used 4290K, capacity 4294K, committed 4376K, reserved 4400K
GC Heap History (10 events):
Event: 3.258 GC heap after
Heap after GC invocations=10 (full 0):
 PSYoungGen      total 213760K, used 25295K [0x91ac0000, 0xa1240000, 0xa7000000)
  eden space 185600K, 0% used [0x91ac0000,0x91ac0000,0x9d000000)
  from space 28160K, 89% used [0x9ef40000,0xa07f3da0,0xa0ac0000)
  to   space 32000K, 0% used [0x9d000000,0x9d000000,0x9ef40000)
 ParOldGen       total 42496K, used 39708K [0x67000000, 0x69980000, 0x91ac0000)
  object space 42496K, 93% used [0x67000000,0x696c7310,0x69980000)
 Metaspace       used 4179K, capacity 4230K, committed 4248K, reserved 4400K
}
Event: 3.258 GC heap before
{Heap before GC invocations=11 (full 1):
 PSYoungGen      total 213760K, used 25295K [0x91ac0000, 0xa1240000, 0xa7000000)
  eden space 185600K, 0% used [0x91ac0000,0x91ac0000,0x9d000000)
  from space 28160K, 89% used [0x9ef40000,0xa07f3da0,0xa0ac0000)
  to   space 32000K, 0% used [0x9d000000,0x9d000000,0x9ef40000)
 ParOldGen       total 42496K, used 39708K [0x67000000, 0x69980000, 0x91ac0000)
  object space 42496K, 93% used [0x67000000,0x696c7310,0x69980000)
 Metaspace       used 4179K, capacity 4230K, committed 4248K, reserved 4400K
Event: 3.647 GC heap after
Heap after GC invocations=11 (full 1):
 PSYoungGen      total 213760K, used 19428K [0x91ac0000, 0xa1240000, 0xa7000000)
  eden space 185600K, 0% used [0x91ac0000,0x91ac0000,0x9d000000)
  from space 28160K, 68% used [0x9ef40000,0xa02390e0,0xa0ac0000)
  to   space 32000K, 0% used [0x9d000000,0x9d000000,0x9ef40000)
 ParOldGen       total 79104K, used 42450K [0x67000000, 0x6bd40000, 0x91ac0000)
  object space 79104K, 53% used [0x67000000,0x69974af8,0x6bd40000)
 Metaspace       used 4179K, capacity 4230K, committed 4248K, reserved 4400K
}
Event: 4.286 GC heap before
{Heap before GC invocations=12 (full 1):
 PSYoungGen      total 213760K, used 205028K [0x91ac0000, 0xa1240000, 0xa7000000)
  eden space 185600K, 100% used [0x91ac0000,0x9d000000,0x9d000000)
  from space 28160K, 68% used [0x9ef40000,0xa02390e0,0xa0ac0000)
  to   space 32000K, 0% used [0x9d000000,0x9d000000,0x9ef40000)
 ParOldGen       total 79104K, used 42450K [0x67000000, 0x6bd40000, 0x91ac0000)
  object space 79104K, 53% used [0x67000000,0x69974af8,0x6bd40000)
 Metaspace       used 4253K, capacity 4294K, committed 4376K, reserved 4400K
Event: 4.726 GC heap after
Heap after GC invocations=12 (full 1):
 PSYoungGen      total 217600K, used 23104K [0x91ac0000, 0xa51c0000, 0xa7000000)
  eden space 185600K, 0% used [0x91ac0000,0x91ac0000,0x9d000000)
  from space 32000K, 72% used [0x9d000000,0x9e690148,0x9ef40000)
  to   space 34304K, 0% used [0xa3040000,0xa3040000,0xa51c0000)
 ParOldGen       total 79104K, used 61298K [0x67000000, 0x6bd40000, 0x91ac0000)
  object space 79104K, 77% used [0x67000000,0x6abdc800,0x6bd40000)
 Metaspace       used 4253K, capacity 4294K, committed 4376K, reserved 4400K
}
Event: 5.517 GC heap before
{Heap before GC invocations=13 (full 1):
 PSYoungGen      total 217600K, used 208704K [0x91ac0000, 0xa51c0000, 0xa7000000)
  eden space 185600K, 100% used [0x91ac0000,0x9d000000,0x9d000000)
  from space 32000K, 72% used [0x9d000000,0x9e690148,0x9ef40000)
  to   space 34304K, 0% used [0xa3040000,0xa3040000,0xa51c0000)
 ParOldGen       total 79104K, used 61298K [0x67000000, 0x6bd40000, 0x91ac0000)
  object space 79104K, 77% used [0x67000000,0x6abdc800,0x6bd40000)
 Metaspace       used 4283K, capacity 4294K, committed 4376K, reserved 4400K
Event: 5.614 GC heap after
Heap after GC invocations=13 (full 1):
 PSYoungGen      total 280832K, used 27853K [0x91ac0000, 0xa56c0000, 0xa7000000)
  eden space 246528K, 0% used [0x91ac0000,0x91ac0000,0xa0b80000)
  from space 34304K, 81% used [0xa3040000,0xa4b73638,0xa51c0000)
  to   space 37632K, 0% used [0xa0b80000,0xa0b80000,0xa3040000)
 ParOldGen       total 83968K, used 83498K [0x67000000, 0x6c200000, 0x91ac0000)
  object space 83968K, 99% used [0x67000000,0x6c18a950,0x6c200000)
 Metaspace       used 4283K, capacity 4294K, committed 4376K, reserved 4400K
}
Event: 5.614 GC heap before
{Heap before GC invocations=14 (full 2):
 PSYoungGen      total 280832K, used 27853K [0x91ac0000, 0xa56c0000, 0xa7000000)
  eden space 246528K, 0% used [0x91ac0000,0x91ac0000,0xa0b80000)
  from space 34304K, 81% used [0xa3040000,0xa4b73638,0xa51c0000)
  to   space 37632K, 0% used [0xa0b80000,0xa0b80000,0xa3040000)
 ParOldGen       total 83968K, used 83498K [0x67000000, 0x6c200000, 0x91ac0000)
  object space 83968K, 99% used [0x67000000,0x6c18a950,0x6c200000)
 Metaspace       used 4283K, capacity 4294K, committed 4376K, reserved 4400K
Event: 6.086 GC heap after
Heap after GC invocations=14 (full 2):
 PSYoungGen      total 280832K, used 24253K [0x91ac0000, 0xa56c0000, 0xa7000000)
  eden space 246528K, 0% used [0x91ac0000,0x91ac0000,0xa0b80000)
  from space 34304K, 70% used [0xa3040000,0xa47ef6a8,0xa51c0000)
  to   space 37632K, 0% used [0xa0b80000,0xa0b80000,0xa3040000)
 ParOldGen       total 142848K, used 83738K [0x67000000, 0x6fb80000, 0x91ac0000)
  object space 142848K, 58% used [0x67000000,0x6c1c6b70,0x6fb80000)
 Metaspace       used 4283K, capacity 4294K, committed 4376K, reserved 4400K
}
Event: 6.965 GC heap before
{Heap before GC invocations=15 (full 2):
 PSYoungGen      total 280832K, used 270781K [0x91ac0000, 0xa56c0000, 0xa7000000)
  eden space 246528K, 100% used [0x91ac0000,0xa0b80000,0xa0b80000)
  from space 34304K, 70% used [0xa3040000,0xa47ef6a8,0xa51c0000)
  to   space 37632K, 0% used [0xa0b80000,0xa0b80000,0xa3040000)
 ParOldGen       total 142848K, used 83738K [0x67000000, 0x6fb80000, 0x91ac0000)
  object space 142848K, 58% used [0x67000000,0x6c1c6b70,0x6fb80000)
 Metaspace       used 4290K, capacity 4294K, committed 4376K, reserved 4400K

