# JRE version: Java(TM) SE Runtime Environment (8.0_31-b13) (build 1.8.0_31-b13)
# Java VM: Java HotSpot(TM) Server VM (25.31-b07 mixed mode linux-x86 )
Heap:
 PSYoungGen      total 252928K, used 252924K [0x91ac0000, 0xa4000000, 0xa7000000)
  eden space 225024K, 100% used [0x91ac0000,0x9f680000,0x9f680000)
  from space 27904K, 99% used [0xa0380000,0xa1ebf2e8,0xa1ec0000)
  to   space 34048K, 99% used [0xa1ec0000,0xa3fff998,0xa4000000)
 ParOldGen       total 81408K, used 81407K [0x67000000, 0x6bf80000, 0x91ac0000)
  object space 81408K, 99% used [0x67000000,0x6bf7fd40,0x6bf80000)
 Metaspace       used 4194K, capacity 4230K, committed 4248K, reserved 4400K
GC Heap History (10 events):
Event: 2.020 GC heap after
Heap after GC invocations=6 (full 0):
 PSYoungGen      total 138752K, used 12034K [0x91ac0000, 0x9b6c0000, 0xa7000000)
  eden space 124672K, 0% used [0x91ac0000,0x91ac0000,0x99480000)
  from space 14080K, 85% used [0x9a480000,0x9b040b78,0x9b240000)
  to   space 16384K, 0% used [0x99480000,0x99480000,0x9a480000)
 ParOldGen       total 42496K, used 18559K [0x67000000, 0x69980000, 0x91ac0000)
  object space 42496K, 43% used [0x67000000,0x6821ff30,0x69980000)
 Metaspace       used 3918K, capacity 3942K, committed 3992K, reserved 4400K
}
Event: 2.587 GC heap before
{Heap before GC invocations=7 (full 0):
 PSYoungGen      total 138752K, used 136706K [0x91ac0000, 0x9b6c0000, 0xa7000000)
  eden space 124672K, 100% used [0x91ac0000,0x99480000,0x99480000)
  from space 14080K, 85% used [0x9a480000,0x9b040b78,0x9b240000)
  to   space 16384K, 0% used [0x99480000,0x99480000,0x9a480000)
 ParOldGen       total 42496K, used 18559K [0x67000000, 0x69980000, 0x91ac0000)
  object space 42496K, 43% used [0x67000000,0x6821ff30,0x69980000)
 Metaspace       used 4092K, capacity 4134K, committed 4248K, reserved 4400K
Event: 2.635 GC heap after
Heap after GC invocations=7 (full 0):
 PSYoungGen      total 141056K, used 16370K [0x91ac0000, 0xa4140000, 0xa7000000)
  eden space 124672K, 0% used [0x91ac0000,0x91ac0000,0x99480000)
  from space 16384K, 99% used [0x99480000,0x9a47c808,0x9a480000)
  to   space 26112K, 0% used [0xa27c0000,0xa27c0000,0xa4140000)
 ParOldGen       total 42496K, used 30980K [0x67000000, 0x69980000, 0x91ac0000)
  object space 42496K, 72% used [0x67000000,0x68e41348,0x69980000)
 Metaspace       used 4092K, capacity 4134K, committed 4248K, reserved 4400K
}
Event: 2.635 GC heap before
{Heap before GC invocations=8 (full 1):
 PSYoungGen      total 141056K, used 16370K [0x91ac0000, 0xa4140000, 0xa7000000)
  eden space 124672K, 0% used [0x91ac0000,0x91ac0000,0x99480000)
  from space 16384K, 99% used [0x99480000,0x9a47c808,0x9a480000)
  to   space 26112K, 0% used [0xa27c0000,0xa27c0000,0xa4140000)
 ParOldGen       total 42496K, used 30980K [0x67000000, 0x69980000, 0x91ac0000)
  object space 42496K, 72% used [0x67000000,0x68e41348,0x69980000)
 Metaspace       used 4092K, capacity 4134K, committed 4248K, reserved 4400K
Event: 2.954 GC heap after
Heap after GC invocations=8 (full 1):
 PSYoungGen      total 141056K, used 1764K [0x91ac0000, 0xa4140000, 0xa7000000)
  eden space 124672K, 0% used [0x91ac0000,0x91ac0000,0x99480000)
  from space 16384K, 10% used [0x99480000,0x99639170,0x9a480000)
  to   space 26112K, 0% used [0xa27c0000,0xa27c0000,0xa4140000)
 ParOldGen       total 81408K, used 42412K [0x67000000, 0x6bf80000, 0x91ac0000)
  object space 81408K, 52% used [0x67000000,0x6996b198,0x6bf80000)
 Metaspace       used 4092K, capacity 4134K, committed 4248K, reserved 4400K
}
Event: 3.403 GC heap before
{Heap before GC invocations=9 (full 1):
 PSYoungGen      total 141056K, used 126436K [0x91ac0000, 0xa4140000, 0xa7000000)
  eden space 124672K, 100% used [0x91ac0000,0x99480000,0x99480000)
  from space 16384K, 10% used [0x99480000,0x99639170,0x9a480000)
  to   space 26112K, 0% used [0xa27c0000,0xa27c0000,0xa4140000)
 ParOldGen       total 81408K, used 42412K [0x67000000, 0x6bf80000, 0x91ac0000)
  object space 81408K, 52% used [0x67000000,0x6996b198,0x6bf80000)
 Metaspace       used 4132K, capacity 4166K, committed 4248K, reserved 4400K
Event: 3.463 GC heap after
Heap after GC invocations=9 (full 1):
 PSYoungGen      total 193536K, used 18600K [0x91ac0000, 0xa3a00000, 0xa7000000)
  eden space 174848K, 0% used [0x91ac0000,0x91ac0000,0x9c580000)
  from space 18688K, 99% used [0xa27c0000,0xa39ea180,0xa3a00000)
  to   space 27904K, 0% used [0xa0380000,0xa0380000,0xa1ec0000)
 ParOldGen       total 81408K, used 42416K [0x67000000, 0x6bf80000, 0x91ac0000)
  object space 81408K, 52% used [0x67000000,0x6996c198,0x6bf80000)
 Metaspace       used 4132K, capacity 4166K, committed 4248K, reserved 4400K
}
Event: 4.034 GC heap before
{Heap before GC invocations=10 (full 1):
 PSYoungGen      total 193536K, used 193448K [0x91ac0000, 0xa3a00000, 0xa7000000)
  eden space 174848K, 100% used [0x91ac0000,0x9c580000,0x9c580000)
  from space 18688K, 99% used [0xa27c0000,0xa39ea180,0xa3a00000)
  to   space 27904K, 0% used [0xa0380000,0xa0380000,0xa1ec0000)
 ParOldGen       total 81408K, used 42416K [0x67000000, 0x6bf80000, 0x91ac0000)
  object space 81408K, 52% used [0x67000000,0x6996c198,0x6bf80000)
 Metaspace       used 4181K, capacity 4198K, committed 4248K, reserved 4400K
Event: 4.158 GC heap after
Heap after GC invocations=10 (full 1):
 PSYoungGen      total 252928K, used 27900K [0x91ac0000, 0xa4000000, 0xa7000000)
  eden space 225024K, 0% used [0x91ac0000,0x91ac0000,0x9f680000)
  from space 27904K, 99% used [0xa0380000,0xa1ebf2e8,0xa1ec0000)
  to   space 34048K, 0% used [0xa1ec0000,0xa1ec0000,0xa4000000)
 ParOldGen       total 81408K, used 54226K [0x67000000, 0x6bf80000, 0x91ac0000)
  object space 81408K, 66% used [0x67000000,0x6a4f4b78,0x6bf80000)
 Metaspace       used 4181K, capacity 4198K, committed 4248K, reserved 4400K
}
Event: 5.011 GC heap before
{Heap before GC invocations=11 (full 1):
 PSYoungGen      total 252928K, used 252924K [0x91ac0000, 0xa4000000, 0xa7000000)
  eden space 225024K, 100% used [0x91ac0000,0x9f680000,0x9f680000)
  from space 27904K, 99% used [0xa0380000,0xa1ebf2e8,0xa1ec0000)
  to   space 34048K, 0% used [0xa1ec0000,0xa1ec0000,0xa4000000)
 ParOldGen       total 81408K, used 54226K [0x67000000, 0x6bf80000, 0x91ac0000)
  object space 81408K, 66% used [0x67000000,0x6a4f4b78,0x6bf80000)
 Metaspace       used 4194K, capacity 4230K, committed 4248K, reserved 4400K

