# JRE version: Java(TM) SE Runtime Environment (8.0_31-b13) (build 1.8.0_31-b13)
# Java VM: Java HotSpot(TM) Server VM (25.31-b07 mixed mode linux-x86 )
Heap:
 PSYoungGen      total 71936K, used 10232K [0x91ac0000, 0x96cc0000, 0xa7000000)
  eden space 61696K, 0% used [0x91ac0000,0x91ac0000,0x95700000)
  from space 10240K, 99% used [0x95700000,0x960fe0c8,0x96100000)
  to   space 8448K, 0% used [0x96100000,0x96100000,0x96940000)
 ParOldGen       total 42496K, used 14806K [0x67000000, 0x69980000, 0x91ac0000)
  object space 42496K, 34% used [0x67000000,0x67e759d0,0x69980000)
 Metaspace       used 3895K, capacity 3942K, committed 3992K, reserved 4400K
GC Heap History (10 events):
Event: 1.104 GC heap after
Heap after GC invocations=2 (full 0):
 PSYoungGen      total 18432K, used 1064K [0x91ac0000, 0x93ec0000, 0xa7000000)
  eden space 15872K, 0% used [0x91ac0000,0x91ac0000,0x92a40000)
  from space 2560K, 41% used [0x92cc0000,0x92dca040,0x92f40000)
  to   space 2560K, 0% used [0x92a40000,0x92a40000,0x92cc0000)
 ParOldGen       total 42496K, used 4K [0x67000000, 0x69980000, 0x91ac0000)
  object space 42496K, 0% used [0x67000000,0x67001000,0x69980000)
 Metaspace       used 2264K, capacity 2366K, committed 2456K, reserved 4400K
}
Event: 1.549 GC heap before
{Heap before GC invocations=3 (full 0):
 PSYoungGen      total 18432K, used 16936K [0x91ac0000, 0x93ec0000, 0xa7000000)
  eden space 15872K, 100% used [0x91ac0000,0x92a40000,0x92a40000)
  from space 2560K, 41% used [0x92cc0000,0x92dca040,0x92f40000)
  to   space 2560K, 0% used [0x92a40000,0x92a40000,0x92cc0000)
 ParOldGen       total 42496K, used 4K [0x67000000, 0x69980000, 0x91ac0000)
  object space 42496K, 0% used [0x67000000,0x67001000,0x69980000)
 Metaspace       used 3561K, capacity 3590K, committed 3608K, reserved 4400K
Event: 1.554 GC heap after
Heap after GC invocations=3 (full 0):
 PSYoungGen      total 18432K, used 2554K [0x91ac0000, 0x93ec0000, 0xa7000000)
  eden space 15872K, 0% used [0x91ac0000,0x91ac0000,0x92a40000)
  from space 2560K, 99% used [0x92a40000,0x92cbe978,0x92cc0000)
  to   space 2560K, 0% used [0x93c40000,0x93c40000,0x93ec0000)
 ParOldGen       total 42496K, used 1442K [0x67000000, 0x69980000, 0x91ac0000)
  object space 42496K, 3% used [0x67000000,0x67168a60,0x69980000)
 Metaspace       used 3561K, capacity 3590K, committed 3608K, reserved 4400K
}
Event: 1.813 GC heap before
{Heap before GC invocations=4 (full 0):
 PSYoungGen      total 18432K, used 18426K [0x91ac0000, 0x93ec0000, 0xa7000000)
  eden space 15872K, 100% used [0x91ac0000,0x92a40000,0x92a40000)
  from space 2560K, 99% used [0x92a40000,0x92cbe978,0x92cc0000)
  to   space 2560K, 0% used [0x93c40000,0x93c40000,0x93ec0000)
 ParOldGen       total 42496K, used 1442K [0x67000000, 0x69980000, 0x91ac0000)
  object space 42496K, 3% used [0x67000000,0x67168a60,0x69980000)
 Metaspace       used 3787K, capacity 3814K, committed 3864K, reserved 4400K
Event: 1.822 GC heap after
Heap after GC invocations=4 (full 0):
 PSYoungGen      total 34304K, used 2551K [0x91ac0000, 0x93ec0000, 0xa7000000)
  eden space 31744K, 0% used [0x91ac0000,0x91ac0000,0x939c0000)
  from space 2560K, 99% used [0x93c40000,0x93ebde28,0x93ec0000)
  to   space 2560K, 0% used [0x939c0000,0x939c0000,0x93c40000)
 ParOldGen       total 42496K, used 3970K [0x67000000, 0x69980000, 0x91ac0000)
  object space 42496K, 9% used [0x67000000,0x673e0830,0x69980000)
 Metaspace       used 3787K, capacity 3814K, committed 3864K, reserved 4400K
}
Event: 2.136 GC heap before
{Heap before GC invocations=5 (full 0):
 PSYoungGen      total 34304K, used 34295K [0x91ac0000, 0x93ec0000, 0xa7000000)
  eden space 31744K, 100% used [0x91ac0000,0x939c0000,0x939c0000)
  from space 2560K, 99% used [0x93c40000,0x93ebde28,0x93ec0000)
  to   space 2560K, 0% used [0x939c0000,0x939c0000,0x93c40000)
 ParOldGen       total 42496K, used 3970K [0x67000000, 0x69980000, 0x91ac0000)
  object space 42496K, 9% used [0x67000000,0x673e0830,0x69980000)
 Metaspace       used 3847K, capacity 3878K, committed 3992K, reserved 4400K
Event: 2.148 GC heap after
Heap after GC invocations=5 (full 0):
 PSYoungGen      total 34304K, used 2555K [0x91ac0000, 0x96940000, 0xa7000000)
  eden space 31744K, 0% used [0x91ac0000,0x91ac0000,0x939c0000)
  from space 2560K, 99% used [0x939c0000,0x93c3ee98,0x93c40000)
  to   space 8448K, 0% used [0x96100000,0x96100000,0x96940000)
 ParOldGen       total 42496K, used 8686K [0x67000000, 0x69980000, 0x91ac0000)
  object space 42496K, 20% used [0x67000000,0x6787baf0,0x69980000)
 Metaspace       used 3847K, capacity 3878K, committed 3992K, reserved 4400K
}
Event: 2.341 GC heap before
{Heap before GC invocations=6 (full 0):
 PSYoungGen      total 34304K, used 34299K [0x91ac0000, 0x96940000, 0xa7000000)
  eden space 31744K, 100% used [0x91ac0000,0x939c0000,0x939c0000)
  from space 2560K, 99% used [0x939c0000,0x93c3ee98,0x93c40000)
  to   space 8448K, 0% used [0x96100000,0x96100000,0x96940000)
 ParOldGen       total 42496K, used 8686K [0x67000000, 0x69980000, 0x91ac0000)
  object space 42496K, 20% used [0x67000000,0x6787baf0,0x69980000)
 Metaspace       used 3873K, capacity 3910K, committed 3992K, reserved 4400K
Event: 2.445 GC heap after
Heap after GC invocations=6 (full 0):
 PSYoungGen      total 70144K, used 8273K [0x91ac0000, 0x96cc0000, 0xa7000000)
  eden space 61696K, 0% used [0x91ac0000,0x91ac0000,0x95700000)
  from space 8448K, 97% used [0x96100000,0x96914478,0x96940000)
  to   space 10240K, 0% used [0x95700000,0x95700000,0x96100000)
 ParOldGen       total 42496K, used 8690K [0x67000000, 0x69980000, 0x91ac0000)
  object space 42496K, 20% used [0x67000000,0x6787caf0,0x69980000)
 Metaspace       used 3873K, capacity 3910K, committed 3992K, reserved 4400K
}
Event: 2.744 GC heap before
{Heap before GC invocations=7 (full 0):
 PSYoungGen      total 70144K, used 69969K [0x91ac0000, 0x96cc0000, 0xa7000000)
  eden space 61696K, 100% used [0x91ac0000,0x95700000,0x95700000)
  from space 8448K, 97% used [0x96100000,0x96914478,0x96940000)
  to   space 10240K, 0% used [0x95700000,0x95700000,0x96100000)
 ParOldGen       total 42496K, used 8690K [0x67000000, 0x69980000, 0x91ac0000)
  object space 42496K, 20% used [0x67000000,0x6787caf0,0x69980000)
 Metaspace       used 3895K, capacity 3942K, committed 3992K, reserved 4400K

