# JRE version: Java(TM) SE Runtime Environment (8.0_31-b13) (build 1.8.0_31-b13)
# Java VM: Java HotSpot(TM) Server VM (25.31-b07 mixed mode linux-x86 )
Heap:
 PSYoungGen      total 274432K, used 11515K [0x91ac0000, 0xa7000000, 0xa7000000)
  eden space 238336K, 0% used [0x91ac0000,0x91ac0000,0xa0380000)
  from space 36096K, 31% used [0xa0380000,0xa0ebef48,0xa26c0000)
  to   space 58112K, 0% used [0xa3740000,0xa3740000,0xa7000000)
 ParOldGen       total 140288K, used 140168K [0x67000000, 0x6f900000, 0x91ac0000)
  object space 140288K, 99% used [0x67000000,0x6f8e2388,0x6f900000)
 Metaspace       used 4235K, capacity 4262K, committed 4376K, reserved 4400K
GC Heap History (10 events):
Event: 4.844 GC heap after
Heap after GC invocations=9 (full 1):
 PSYoungGen      total 224512K, used 19066K [0x91ac0000, 0xa3ac0000, 0xa7000000)
  eden space 205312K, 0% used [0x91ac0000,0x91ac0000,0x9e340000)
  from space 19200K, 99% used [0xa2800000,0xa3a9ebc8,0xa3ac0000)
  to   space 27904K, 0% used [0xa0440000,0xa0440000,0xa1f80000)
 ParOldGen       total 77568K, used 42385K [0x67000000, 0x6bbc0000, 0x91ac0000)
  object space 77568K, 54% used [0x67000000,0x69964458,0x6bbc0000)
 Metaspace       used 4170K, capacity 4198K, committed 4248K, reserved 4400K
}
Event: 5.654 GC heap before
{Heap before GC invocations=10 (full 1):
 PSYoungGen      total 224512K, used 224378K [0x91ac0000, 0xa3ac0000, 0xa7000000)
  eden space 205312K, 100% used [0x91ac0000,0x9e340000,0x9e340000)
  from space 19200K, 99% used [0xa2800000,0xa3a9ebc8,0xa3ac0000)
  to   space 27904K, 0% used [0xa0440000,0xa0440000,0xa1f80000)
 ParOldGen       total 77568K, used 42385K [0x67000000, 0x6bbc0000, 0x91ac0000)
  object space 77568K, 54% used [0x67000000,0x69964458,0x6bbc0000)
 Metaspace       used 4215K, capacity 4262K, committed 4376K, reserved 4400K
Event: 5.716 GC heap after
Heap after GC invocations=10 (full 1):
 PSYoungGen      total 267008K, used 27893K [0x91ac0000, 0xa7000000, 0xa7000000)
  eden space 239104K, 0% used [0x91ac0000,0x91ac0000,0xa0440000)
  from space 27904K, 99% used [0xa0440000,0xa1f7d790,0xa1f80000)
  to   space 39680K, 0% used [0xa4940000,0xa4940000,0xa7000000)
 ParOldGen       total 77568K, used 58881K [0x67000000, 0x6bbc0000, 0x91ac0000)
  object space 77568K, 75% used [0x67000000,0x6a980728,0x6bbc0000)
 Metaspace       used 4215K, capacity 4262K, committed 4376K, reserved 4400K
}
Event: 6.636 GC heap before
{Heap before GC invocations=11 (full 1):
 PSYoungGen      total 267008K, used 266997K [0x91ac0000, 0xa7000000, 0xa7000000)
  eden space 239104K, 100% used [0x91ac0000,0xa0440000,0xa0440000)
  from space 27904K, 99% used [0xa0440000,0xa1f7d790,0xa1f80000)
  to   space 39680K, 0% used [0xa4940000,0xa4940000,0xa7000000)
 ParOldGen       total 77568K, used 58881K [0x67000000, 0x6bbc0000, 0x91ac0000)
  object space 77568K, 75% used [0x67000000,0x6a980728,0x6bbc0000)
 Metaspace       used 4229K, capacity 4262K, committed 4376K, reserved 4400K
Event: 6.754 GC heap after
Heap after GC invocations=11 (full 1):
 PSYoungGen      total 278016K, used 39664K [0x91ac0000, 0xa7000000, 0xa7000000)
  eden space 238336K, 0% used [0x91ac0000,0x91ac0000,0xa0380000)
  from space 39680K, 99% used [0xa4940000,0xa6ffc0d0,0xa7000000)
  to   space 55552K, 0% used [0xa0380000,0xa0380000,0xa39c0000)
 ParOldGen       total 83968K, used 83841K [0x67000000, 0x6c200000, 0x91ac0000)
  object space 83968K, 99% used [0x67000000,0x6c1e0788,0x6c200000)
 Metaspace       used 4229K, capacity 4262K, committed 4376K, reserved 4400K
}
Event: 6.754 GC heap before
{Heap before GC invocations=12 (full 2):
 PSYoungGen      total 278016K, used 39664K [0x91ac0000, 0xa7000000, 0xa7000000)
  eden space 238336K, 0% used [0x91ac0000,0x91ac0000,0xa0380000)
  from space 39680K, 99% used [0xa4940000,0xa6ffc0d0,0xa7000000)
  to   space 55552K, 0% used [0xa0380000,0xa0380000,0xa39c0000)
 ParOldGen       total 83968K, used 83841K [0x67000000, 0x6c200000, 0x91ac0000)
  object space 83968K, 99% used [0x67000000,0x6c1e0788,0x6c200000)
 Metaspace       used 4229K, capacity 4262K, committed 4376K, reserved 4400K
Event: 7.350 GC heap after
Heap after GC invocations=12 (full 2):
 PSYoungGen      total 278016K, used 35094K [0x91ac0000, 0xa7000000, 0xa7000000)
  eden space 238336K, 0% used [0x91ac0000,0x91ac0000,0xa0380000)
  from space 39680K, 88% used [0xa4940000,0xa6b85b40,0xa7000000)
  to   space 55552K, 0% used [0xa0380000,0xa0380000,0xa39c0000)
 ParOldGen       total 140288K, used 83763K [0x67000000, 0x6f900000, 0x91ac0000)
  object space 140288K, 59% used [0x67000000,0x6c1ccd28,0x6f900000)
 Metaspace       used 4229K, capacity 4262K, committed 4376K, reserved 4400K
}
Event: 8.130 GC heap before
{Heap before GC invocations=13 (full 2):
 PSYoungGen      total 278016K, used 273430K [0x91ac0000, 0xa7000000, 0xa7000000)
  eden space 238336K, 100% used [0x91ac0000,0xa0380000,0xa0380000)
  from space 39680K, 88% used [0xa4940000,0xa6b85b40,0xa7000000)
  to   space 55552K, 0% used [0xa0380000,0xa0380000,0xa39c0000)
 ParOldGen       total 140288K, used 83763K [0x67000000, 0x6f900000, 0x91ac0000)
  object space 140288K, 59% used [0x67000000,0x6c1ccd28,0x6f900000)
 Metaspace       used 4235K, capacity 4262K, committed 4376K, reserved 4400K
Event: 8.276 GC heap after
Heap after GC invocations=13 (full 2):
 PSYoungGen      total 274432K, used 36037K [0x91ac0000, 0xa7000000, 0xa7000000)
  eden space 238336K, 0% used [0x91ac0000,0x91ac0000,0xa0380000)
  from space 36096K, 99% used [0xa0380000,0xa26b1648,0xa26c0000)
  to   space 58112K, 0% used [0xa3740000,0xa3740000,0xa7000000)
 ParOldGen       total 140288K, used 119344K [0x67000000, 0x6f900000, 0x91ac0000)
  object space 140288K, 85% used [0x67000000,0x6e48c050,0x6f900000)
 Metaspace       used 4235K, capacity 4262K, committed 4376K, reserved 4400K
}
Event: 8.276 GC heap before
{Heap before GC invocations=14 (full 3):
 PSYoungGen      total 274432K, used 36037K [0x91ac0000, 0xa7000000, 0xa7000000)
  eden space 238336K, 0% used [0x91ac0000,0x91ac0000,0xa0380000)
  from space 36096K, 99% used [0xa0380000,0xa26b1648,0xa26c0000)
  to   space 58112K, 0% used [0xa3740000,0xa3740000,0xa7000000)
 ParOldGen       total 140288K, used 119344K [0x67000000, 0x6f900000, 0x91ac0000)
  object space 140288K, 85% used [0x67000000,0x6e48c050,0x6f900000)
 Metaspace       used 4235K, capacity 4262K, committed 4376K, reserved 4400K

